[1.200s] Invoking command in '/home/taton/ROS2/ros2_drone/src/drone_controller': AMENT_PREFIX_PATH=/home/taton/ROS2/ros2_drone/src/install/px4_msgs:${AMENT_PREFIX_PATH} CMAKE_PREFIX_PATH=/home/taton/ROS2/ros2_drone/src/install/px4_msgs:${CMAKE_PREFIX_PATH} DEBUGINFOD_URLS=https://debuginfod.ubuntu.com LD_LIBRARY_PATH=/home/taton/ROS2/ros2_drone/src/install/px4_msgs/lib:${LD_LIBRARY_PATH} PYTHONPATH=/home/taton/ROS2/ros2_drone/src/build/drone_controller/prefix_override:/usr/lib/python3/dist-packages/colcon_core/task/python/colcon_distutils_commands:/home/taton/ROS2/ros2_drone/src/install/drone_controller/lib/python3.12/site-packages:/home/taton/ROS2/ros2_drone/src/install/px4_msgs/lib/python3.12/site-packages:${PYTHONPATH} /usr/bin/python3 -W ignore:setup.py install is deprecated -W ignore:easy_install command is deprecated setup.py egg_info --egg-base ../build/drone_controller build --build-base /home/taton/ROS2/ros2_drone/src/build/drone_controller/build install --record /home/taton/ROS2/ros2_drone/src/build/drone_controller/install.log --single-version-externally-managed install_data
[1.612s] running egg_info
[1.643s] writing ../build/drone_controller/drone_controller.egg-info/PKG-INFO
[1.644s] writing dependency_links to ../build/drone_controller/drone_controller.egg-info/dependency_links.txt
[1.644s] writing requirements to ../build/drone_controller/drone_controller.egg-info/requires.txt
[1.644s] writing top-level names to ../build/drone_controller/drone_controller.egg-info/top_level.txt
[1.703s] reading manifest file '../build/drone_controller/drone_controller.egg-info/SOURCES.txt'
[1.704s] writing manifest file '../build/drone_controller/drone_controller.egg-info/SOURCES.txt'
[1.704s] running build
[1.704s] running build_py
[1.704s] copying drone_controller/offboard_control.py -> /home/taton/ROS2/ros2_drone/src/build/drone_controller/build/lib/drone_controller
[1.705s] running install
[1.714s] running install_lib
[1.744s] copying /home/taton/ROS2/ros2_drone/src/build/drone_controller/build/lib/drone_controller/offboard_control.py -> /home/taton/ROS2/ros2_drone/src/install/drone_controller/lib/python3.12/site-packages/drone_controller
[1.745s] byte-compiling /home/taton/ROS2/ros2_drone/src/install/drone_controller/lib/python3.12/site-packages/drone_controller/offboard_control.py to offboard_control.cpython-312.pyc
[1.747s] running install_data
[1.747s] running install_egg_info
[1.779s] removing '/home/taton/ROS2/ros2_drone/src/install/drone_controller/lib/python3.12/site-packages/drone_controller-0.0.0-py3.12.egg-info' (and everything under it)
[1.779s] Copying ../build/drone_controller/drone_controller.egg-info to /home/taton/ROS2/ros2_drone/src/install/drone_controller/lib/python3.12/site-packages/drone_controller-0.0.0-py3.12.egg-info
[1.780s] running install_scripts
[1.982s] writing list of installed files to '/home/taton/ROS2/ros2_drone/src/build/drone_controller/install.log'
[2.021s] Invoked command in '/home/taton/ROS2/ros2_drone/src/drone_controller' returned '0': AMENT_PREFIX_PATH=/home/taton/ROS2/ros2_drone/src/install/px4_msgs:${AMENT_PREFIX_PATH} CMAKE_PREFIX_PATH=/home/taton/ROS2/ros2_drone/src/install/px4_msgs:${CMAKE_PREFIX_PATH} DEBUGINFOD_URLS=https://debuginfod.ubuntu.com LD_LIBRARY_PATH=/home/taton/ROS2/ros2_drone/src/install/px4_msgs/lib:${LD_LIBRARY_PATH} PYTHONPATH=/home/taton/ROS2/ros2_drone/src/build/drone_controller/prefix_override:/usr/lib/python3/dist-packages/colcon_core/task/python/colcon_distutils_commands:/home/taton/ROS2/ros2_drone/src/install/drone_controller/lib/python3.12/site-packages:/home/taton/ROS2/ros2_drone/src/install/px4_msgs/lib/python3.12/site-packages:${PYTHONPATH} /usr/bin/python3 -W ignore:setup.py install is deprecated -W ignore:easy_install command is deprecated setup.py egg_info --egg-base ../build/drone_controller build --build-base /home/taton/ROS2/ros2_drone/src/build/drone_controller/build install --record /home/taton/ROS2/ros2_drone/src/build/drone_controller/install.log --single-version-externally-managed install_data
