[0.764s] DEBUG:colcon:Command line arguments: ['/usr/bin/colcon', 'build']
[0.765s] DEBUG:colcon:Parsed command line arguments: Namespace(log_base=None, log_level=None, verb_name='build', build_base='build', install_base='install', merge_install=False, symlink_install=False, test_result_base=None, continue_on_error=False, executor='parallel', parallel_workers=8, event_handlers=None, ignore_user_meta=False, metas=['./colcon.meta'], base_paths=['.'], packages_ignore=None, packages_ignore_regex=None, paths=None, packages_up_to=None, packages_up_to_regex=None, packages_above=None, packages_above_and_dependencies=None, packages_above_depth=None, packages_select_by_dep=None, packages_skip_by_dep=None, packages_skip_up_to=None, packages_select_build_failed=False, packages_skip_build_finished=False, packages_select_test_failures=False, packages_skip_test_passed=False, packages_select=None, packages_skip=None, packages_select_regex=None, packages_skip_regex=None, packages_start=None, packages_end=None, allow_overriding=[], cmake_args=None, cmake_target=None, cmake_target_skip_unavailable=False, cmake_clean_cache=False, cmake_clean_first=False, cmake_force_configure=False, ament_cmake_args=None, catkin_cmake_args=None, catkin_skip_building_tests=False, mixin_files=None, mixin=None, verb_parser=<colcon_mixin.mixin.mixin_argument.MixinArgumentDecorator object at 0x7c7d2fc99ac0>, verb_extension=<colcon_core.verb.build.BuildVerb object at 0x7c7d2fc99790>, main=<bound method BuildVerb.main of <colcon_core.verb.build.BuildVerb object at 0x7c7d2fc99790>>, mixin_verb=('build',))
[1.008s] Level 1:colcon.colcon_core.package_discovery:discover_packages(colcon_meta) check parameters
[1.009s] Level 1:colcon.colcon_core.package_discovery:discover_packages(recursive) check parameters
[1.009s] Level 1:colcon.colcon_core.package_discovery:discover_packages(ignore) check parameters
[1.009s] Level 1:colcon.colcon_core.package_discovery:discover_packages(path) check parameters
[1.010s] Level 1:colcon.colcon_core.package_discovery:discover_packages(colcon_meta) discover
[1.010s] Level 1:colcon.colcon_core.package_discovery:discover_packages(recursive) discover
[1.011s] INFO:colcon.colcon_core.package_discovery:Crawling recursively for packages in '/home/taton/ROS2/ros2_drone/src'
[1.011s] Level 1:colcon.colcon_core.package_identification:_identify(.) by extensions ['ignore', 'ignore_ament_install']
[1.012s] Level 1:colcon.colcon_core.package_identification:_identify(.) by extension 'ignore'
[1.013s] Level 1:colcon.colcon_core.package_identification:_identify(.) by extension 'ignore_ament_install'
[1.014s] Level 1:colcon.colcon_core.package_identification:_identify(.) by extensions ['colcon_pkg']
[1.014s] Level 1:colcon.colcon_core.package_identification:_identify(.) by extension 'colcon_pkg'
[1.015s] Level 1:colcon.colcon_core.package_identification:_identify(.) by extensions ['colcon_meta']
[1.015s] Level 1:colcon.colcon_core.package_identification:_identify(.) by extension 'colcon_meta'
[1.016s] Level 1:colcon.colcon_core.package_identification:_identify(.) by extensions ['ros']
[1.016s] Level 1:colcon.colcon_core.package_identification:_identify(.) by extension 'ros'
[1.178s] Level 1:colcon.colcon_core.package_identification:_identify(.) by extensions ['cmake', 'python']
[1.179s] Level 1:colcon.colcon_core.package_identification:_identify(.) by extension 'cmake'
[1.179s] Level 1:colcon.colcon_core.package_identification:_identify(.) by extension 'python'
[1.179s] Level 1:colcon.colcon_core.package_identification:_identify(.) by extensions ['python_setup_py']
[1.179s] Level 1:colcon.colcon_core.package_identification:_identify(.) by extension 'python_setup_py'
[1.179s] Level 1:colcon.colcon_core.package_identification:_identify(build) by extensions ['ignore', 'ignore_ament_install']
[1.179s] Level 1:colcon.colcon_core.package_identification:_identify(build) by extension 'ignore'
[1.180s] Level 1:colcon.colcon_core.package_identification:_identify(build) ignored
[1.180s] Level 1:colcon.colcon_core.package_identification:_identify(drone_controller) by extensions ['ignore', 'ignore_ament_install']
[1.181s] Level 1:colcon.colcon_core.package_identification:_identify(drone_controller) by extension 'ignore'
[1.182s] Level 1:colcon.colcon_core.package_identification:_identify(drone_controller) by extension 'ignore_ament_install'
[1.182s] Level 1:colcon.colcon_core.package_identification:_identify(drone_controller) by extensions ['colcon_pkg']
[1.182s] Level 1:colcon.colcon_core.package_identification:_identify(drone_controller) by extension 'colcon_pkg'
[1.182s] Level 1:colcon.colcon_core.package_identification:_identify(drone_controller) by extensions ['colcon_meta']
[1.183s] Level 1:colcon.colcon_core.package_identification:_identify(drone_controller) by extension 'colcon_meta'
[1.183s] Level 1:colcon.colcon_core.package_identification:_identify(drone_controller) by extensions ['ros']
[1.184s] Level 1:colcon.colcon_core.package_identification:_identify(drone_controller) by extension 'ros'
[1.197s] DEBUG:colcon.colcon_core.package_identification:Package 'drone_controller' with type 'ros.ament_python' and name 'drone_controller'
[1.198s] Level 1:colcon.colcon_core.package_identification:_identify(install) by extensions ['ignore', 'ignore_ament_install']
[1.199s] Level 1:colcon.colcon_core.package_identification:_identify(install) by extension 'ignore'
[1.199s] Level 1:colcon.colcon_core.package_identification:_identify(install) ignored
[1.200s] Level 1:colcon.colcon_core.package_identification:_identify(log) by extensions ['ignore', 'ignore_ament_install']
[1.200s] Level 1:colcon.colcon_core.package_identification:_identify(log) by extension 'ignore'
[1.201s] Level 1:colcon.colcon_core.package_identification:_identify(log) ignored
[1.201s] Level 1:colcon.colcon_core.package_identification:_identify(px4_msgs) by extensions ['ignore', 'ignore_ament_install']
[1.202s] Level 1:colcon.colcon_core.package_identification:_identify(px4_msgs) by extension 'ignore'
[1.203s] Level 1:colcon.colcon_core.package_identification:_identify(px4_msgs) by extension 'ignore_ament_install'
[1.204s] Level 1:colcon.colcon_core.package_identification:_identify(px4_msgs) by extensions ['colcon_pkg']
[1.204s] Level 1:colcon.colcon_core.package_identification:_identify(px4_msgs) by extension 'colcon_pkg'
[1.205s] Level 1:colcon.colcon_core.package_identification:_identify(px4_msgs) by extensions ['colcon_meta']
[1.205s] Level 1:colcon.colcon_core.package_identification:_identify(px4_msgs) by extension 'colcon_meta'
[1.205s] Level 1:colcon.colcon_core.package_identification:_identify(px4_msgs) by extensions ['ros']
[1.205s] Level 1:colcon.colcon_core.package_identification:_identify(px4_msgs) by extension 'ros'
[1.210s] DEBUG:colcon.colcon_core.package_identification:Package 'px4_msgs' with type 'ros.ament_cmake' and name 'px4_msgs'
[1.210s] Level 1:colcon.colcon_core.package_discovery:discover_packages(recursive) using defaults
[1.211s] Level 1:colcon.colcon_core.package_discovery:discover_packages(ignore) discover
[1.211s] Level 1:colcon.colcon_core.package_discovery:discover_packages(ignore) using defaults
[1.211s] Level 1:colcon.colcon_core.package_discovery:discover_packages(path) discover
[1.211s] Level 1:colcon.colcon_core.package_discovery:discover_packages(path) using defaults
[1.312s] Level 1:colcon.colcon_core.package_discovery:discover_packages(prefix_path) check parameters
[1.312s] Level 1:colcon.colcon_core.package_discovery:discover_packages(prefix_path) discover
[1.324s] DEBUG:colcon.colcon_installed_package_information.package_discovery:Found 1 installed packages in /home/taton/ROS2/ros2_drone/install
[1.334s] DEBUG:colcon.colcon_installed_package_information.package_discovery:Found 320 installed packages in /opt/ros/jazzy
[1.348s] Level 1:colcon.colcon_core.package_discovery:discover_packages(prefix_path) using defaults
[1.815s] Level 5:colcon.colcon_core.verb:set package 'px4_msgs' build argument 'cmake_args' from command line to 'None'
[1.815s] Level 5:colcon.colcon_core.verb:set package 'px4_msgs' build argument 'cmake_target' from command line to 'None'
[1.815s] Level 5:colcon.colcon_core.verb:set package 'px4_msgs' build argument 'cmake_target_skip_unavailable' from command line to 'False'
[1.815s] Level 5:colcon.colcon_core.verb:set package 'px4_msgs' build argument 'cmake_clean_cache' from command line to 'False'
[1.815s] Level 5:colcon.colcon_core.verb:set package 'px4_msgs' build argument 'cmake_clean_first' from command line to 'False'
[1.815s] Level 5:colcon.colcon_core.verb:set package 'px4_msgs' build argument 'cmake_force_configure' from command line to 'False'
[1.816s] Level 5:colcon.colcon_core.verb:set package 'px4_msgs' build argument 'ament_cmake_args' from command line to 'None'
[1.816s] Level 5:colcon.colcon_core.verb:set package 'px4_msgs' build argument 'catkin_cmake_args' from command line to 'None'
[1.817s] Level 5:colcon.colcon_core.verb:set package 'px4_msgs' build argument 'catkin_skip_building_tests' from command line to 'False'
[1.817s] DEBUG:colcon.colcon_core.verb:Building package 'px4_msgs' with the following arguments: {'ament_cmake_args': None, 'build_base': '/home/taton/ROS2/ros2_drone/src/build/px4_msgs', 'catkin_cmake_args': None, 'catkin_skip_building_tests': False, 'cmake_args': None, 'cmake_clean_cache': False, 'cmake_clean_first': False, 'cmake_force_configure': False, 'cmake_target': None, 'cmake_target_skip_unavailable': False, 'install_base': '/home/taton/ROS2/ros2_drone/src/install/px4_msgs', 'merge_install': False, 'path': '/home/taton/ROS2/ros2_drone/src/px4_msgs', 'symlink_install': False, 'test_result_base': None}
[1.818s] Level 5:colcon.colcon_core.verb:set package 'drone_controller' build argument 'cmake_args' from command line to 'None'
[1.818s] Level 5:colcon.colcon_core.verb:set package 'drone_controller' build argument 'cmake_target' from command line to 'None'
[1.818s] Level 5:colcon.colcon_core.verb:set package 'drone_controller' build argument 'cmake_target_skip_unavailable' from command line to 'False'
[1.819s] Level 5:colcon.colcon_core.verb:set package 'drone_controller' build argument 'cmake_clean_cache' from command line to 'False'
[1.819s] Level 5:colcon.colcon_core.verb:set package 'drone_controller' build argument 'cmake_clean_first' from command line to 'False'
[1.819s] Level 5:colcon.colcon_core.verb:set package 'drone_controller' build argument 'cmake_force_configure' from command line to 'False'
[1.819s] Level 5:colcon.colcon_core.verb:set package 'drone_controller' build argument 'ament_cmake_args' from command line to 'None'
[1.819s] Level 5:colcon.colcon_core.verb:set package 'drone_controller' build argument 'catkin_cmake_args' from command line to 'None'
[1.819s] Level 5:colcon.colcon_core.verb:set package 'drone_controller' build argument 'catkin_skip_building_tests' from command line to 'False'
[1.819s] DEBUG:colcon.colcon_core.verb:Building package 'drone_controller' with the following arguments: {'ament_cmake_args': None, 'build_base': '/home/taton/ROS2/ros2_drone/src/build/drone_controller', 'catkin_cmake_args': None, 'catkin_skip_building_tests': False, 'cmake_args': None, 'cmake_clean_cache': False, 'cmake_clean_first': False, 'cmake_force_configure': False, 'cmake_target': None, 'cmake_target_skip_unavailable': False, 'install_base': '/home/taton/ROS2/ros2_drone/src/install/drone_controller', 'merge_install': False, 'path': '/home/taton/ROS2/ros2_drone/src/drone_controller', 'symlink_install': False, 'test_result_base': None}
[1.819s] INFO:colcon.colcon_core.executor:Executing jobs using 'parallel' executor
[1.825s] DEBUG:colcon.colcon_parallel_executor.executor.parallel:run_until_complete
[1.827s] INFO:colcon.colcon_ros.task.ament_cmake.build:Building ROS package in '/home/taton/ROS2/ros2_drone/src/px4_msgs' with build type 'ament_cmake'
[1.829s] INFO:colcon.colcon_cmake.task.cmake.build:Building CMake package in '/home/taton/ROS2/ros2_drone/src/px4_msgs'
[1.839s] INFO:colcon.colcon_core.plugin_system:Skipping extension 'colcon_core.shell.bat': Not used on non-Windows systems
[1.840s] INFO:colcon.colcon_core.shell:Skip shell extension 'powershell' for command environment: Not usable outside of PowerShell
[1.840s] DEBUG:colcon.colcon_core.shell:Skip shell extension 'dsv' for command environment
[1.880s] DEBUG:colcon.colcon_core.event_handler.log_command:Invoking command in '/home/taton/ROS2/ros2_drone/src/build/px4_msgs': CMAKE_PREFIX_PATH=${CMAKE_PREFIX_PATH}:/home/taton/ROS2/ros2_drone/install/drone_controller:/opt/ros/jazzy DEBUGINFOD_URLS=https://debuginfod.ubuntu.com /usr/bin/cmake /home/taton/ROS2/ros2_drone/src/px4_msgs -DCMAKE_INSTALL_PREFIX=/home/taton/ROS2/ros2_drone/src/install/px4_msgs
[33.017s] DEBUG:colcon.colcon_core.event_handler.log_command:Invoked command in '/home/taton/ROS2/ros2_drone/src/build/px4_msgs' returned '0': CMAKE_PREFIX_PATH=${CMAKE_PREFIX_PATH}:/home/taton/ROS2/ros2_drone/install/drone_controller:/opt/ros/jazzy DEBUGINFOD_URLS=https://debuginfod.ubuntu.com /usr/bin/cmake /home/taton/ROS2/ros2_drone/src/px4_msgs -DCMAKE_INSTALL_PREFIX=/home/taton/ROS2/ros2_drone/src/install/px4_msgs
[33.020s] DEBUG:colcon.colcon_core.event_handler.log_command:Invoking command in '/home/taton/ROS2/ros2_drone/src/build/px4_msgs': CMAKE_PREFIX_PATH=${CMAKE_PREFIX_PATH}:/home/taton/ROS2/ros2_drone/install/drone_controller:/opt/ros/jazzy DEBUGINFOD_URLS=https://debuginfod.ubuntu.com /usr/bin/cmake --build /home/taton/ROS2/ros2_drone/src/build/px4_msgs -- -j8 -l8
[526.945s] DEBUG:colcon.colcon_core.event_handler.log_command:Invoked command in '/home/taton/ROS2/ros2_drone/src/build/px4_msgs' returned '0': CMAKE_PREFIX_PATH=${CMAKE_PREFIX_PATH}:/home/taton/ROS2/ros2_drone/install/drone_controller:/opt/ros/jazzy DEBUGINFOD_URLS=https://debuginfod.ubuntu.com /usr/bin/cmake --build /home/taton/ROS2/ros2_drone/src/build/px4_msgs -- -j8 -l8
[526.961s] DEBUG:colcon.colcon_core.event_handler.log_command:Invoking command in '/home/taton/ROS2/ros2_drone/src/build/px4_msgs': CMAKE_PREFIX_PATH=${CMAKE_PREFIX_PATH}:/home/taton/ROS2/ros2_drone/install/drone_controller:/opt/ros/jazzy DEBUGINFOD_URLS=https://debuginfod.ubuntu.com /usr/bin/cmake --install /home/taton/ROS2/ros2_drone/src/build/px4_msgs
[528.779s] Level 1:colcon.colcon_core.environment:create_environment_scripts_only(px4_msgs)
[528.780s] DEBUG:colcon.colcon_core.event_handler.log_command:Invoked command in '/home/taton/ROS2/ros2_drone/src/build/px4_msgs' returned '0': CMAKE_PREFIX_PATH=${CMAKE_PREFIX_PATH}:/home/taton/ROS2/ros2_drone/install/drone_controller:/opt/ros/jazzy DEBUGINFOD_URLS=https://debuginfod.ubuntu.com /usr/bin/cmake --install /home/taton/ROS2/ros2_drone/src/build/px4_msgs
[528.783s] Level 1:colcon.colcon_core.environment:checking '/home/taton/ROS2/ros2_drone/src/install/px4_msgs' for CMake module files
[528.785s] Level 1:colcon.colcon_core.environment:checking '/home/taton/ROS2/ros2_drone/src/install/px4_msgs' for CMake config files
[528.786s] Level 1:colcon.colcon_core.shell:create_environment_hook('px4_msgs', 'cmake_prefix_path')
[528.786s] INFO:colcon.colcon_core.shell:Creating environment hook '/home/taton/ROS2/ros2_drone/src/install/px4_msgs/share/px4_msgs/hook/cmake_prefix_path.ps1'
[528.787s] INFO:colcon.colcon_core.shell:Creating environment descriptor '/home/taton/ROS2/ros2_drone/src/install/px4_msgs/share/px4_msgs/hook/cmake_prefix_path.dsv'
[528.787s] INFO:colcon.colcon_core.shell:Creating environment hook '/home/taton/ROS2/ros2_drone/src/install/px4_msgs/share/px4_msgs/hook/cmake_prefix_path.sh'
[528.788s] Level 1:colcon.colcon_core.environment:checking '/home/taton/ROS2/ros2_drone/src/install/px4_msgs/lib'
[528.788s] Level 1:colcon.colcon_core.shell:create_environment_hook('px4_msgs', 'ld_library_path_lib')
[528.788s] INFO:colcon.colcon_core.shell:Creating environment hook '/home/taton/ROS2/ros2_drone/src/install/px4_msgs/share/px4_msgs/hook/ld_library_path_lib.ps1'
[528.789s] INFO:colcon.colcon_core.shell:Creating environment descriptor '/home/taton/ROS2/ros2_drone/src/install/px4_msgs/share/px4_msgs/hook/ld_library_path_lib.dsv'
[528.789s] INFO:colcon.colcon_core.shell:Creating environment hook '/home/taton/ROS2/ros2_drone/src/install/px4_msgs/share/px4_msgs/hook/ld_library_path_lib.sh'
[528.790s] Level 1:colcon.colcon_core.environment:checking '/home/taton/ROS2/ros2_drone/src/install/px4_msgs/bin'
[528.790s] Level 1:colcon.colcon_core.environment:checking '/home/taton/ROS2/ros2_drone/src/install/px4_msgs/lib/pkgconfig/px4_msgs.pc'
[528.790s] Level 1:colcon.colcon_core.environment:checking '/home/taton/ROS2/ros2_drone/src/install/px4_msgs/lib/python3.12/site-packages'
[528.790s] Level 1:colcon.colcon_core.shell:create_environment_hook('px4_msgs', 'pythonpath')
[528.790s] INFO:colcon.colcon_core.shell:Creating environment hook '/home/taton/ROS2/ros2_drone/src/install/px4_msgs/share/px4_msgs/hook/pythonpath.ps1'
[528.791s] INFO:colcon.colcon_core.shell:Creating environment descriptor '/home/taton/ROS2/ros2_drone/src/install/px4_msgs/share/px4_msgs/hook/pythonpath.dsv'
[528.791s] INFO:colcon.colcon_core.shell:Creating environment hook '/home/taton/ROS2/ros2_drone/src/install/px4_msgs/share/px4_msgs/hook/pythonpath.sh'
[528.792s] Level 1:colcon.colcon_core.environment:checking '/home/taton/ROS2/ros2_drone/src/install/px4_msgs/bin'
[528.792s] INFO:colcon.colcon_core.shell:Creating package script '/home/taton/ROS2/ros2_drone/src/install/px4_msgs/share/px4_msgs/package.ps1'
[528.793s] INFO:colcon.colcon_core.shell:Creating package descriptor '/home/taton/ROS2/ros2_drone/src/install/px4_msgs/share/px4_msgs/package.dsv'
[528.794s] INFO:colcon.colcon_core.shell:Creating package script '/home/taton/ROS2/ros2_drone/src/install/px4_msgs/share/px4_msgs/package.sh'
[528.795s] INFO:colcon.colcon_core.shell:Creating package script '/home/taton/ROS2/ros2_drone/src/install/px4_msgs/share/px4_msgs/package.bash'
[528.795s] INFO:colcon.colcon_core.shell:Creating package script '/home/taton/ROS2/ros2_drone/src/install/px4_msgs/share/px4_msgs/package.zsh'
[528.796s] Level 1:colcon.colcon_core.environment:create_file_with_runtime_dependencies(/home/taton/ROS2/ros2_drone/src/install/px4_msgs/share/colcon-core/packages/px4_msgs)
[528.797s] Level 1:colcon.colcon_core.environment:create_environment_scripts_only(px4_msgs)
[528.797s] Level 1:colcon.colcon_core.environment:checking '/home/taton/ROS2/ros2_drone/src/install/px4_msgs' for CMake module files
[528.798s] Level 1:colcon.colcon_core.environment:checking '/home/taton/ROS2/ros2_drone/src/install/px4_msgs' for CMake config files
[528.799s] Level 1:colcon.colcon_core.shell:create_environment_hook('px4_msgs', 'cmake_prefix_path')
[528.799s] INFO:colcon.colcon_core.shell:Creating environment hook '/home/taton/ROS2/ros2_drone/src/install/px4_msgs/share/px4_msgs/hook/cmake_prefix_path.ps1'
[528.799s] INFO:colcon.colcon_core.shell:Creating environment descriptor '/home/taton/ROS2/ros2_drone/src/install/px4_msgs/share/px4_msgs/hook/cmake_prefix_path.dsv'
[528.800s] INFO:colcon.colcon_core.shell:Creating environment hook '/home/taton/ROS2/ros2_drone/src/install/px4_msgs/share/px4_msgs/hook/cmake_prefix_path.sh'
[528.800s] Level 1:colcon.colcon_core.environment:checking '/home/taton/ROS2/ros2_drone/src/install/px4_msgs/lib'
[528.800s] Level 1:colcon.colcon_core.shell:create_environment_hook('px4_msgs', 'ld_library_path_lib')
[528.801s] INFO:colcon.colcon_core.shell:Creating environment hook '/home/taton/ROS2/ros2_drone/src/install/px4_msgs/share/px4_msgs/hook/ld_library_path_lib.ps1'
[528.801s] INFO:colcon.colcon_core.shell:Creating environment descriptor '/home/taton/ROS2/ros2_drone/src/install/px4_msgs/share/px4_msgs/hook/ld_library_path_lib.dsv'
[528.801s] INFO:colcon.colcon_core.shell:Creating environment hook '/home/taton/ROS2/ros2_drone/src/install/px4_msgs/share/px4_msgs/hook/ld_library_path_lib.sh'
[528.802s] Level 1:colcon.colcon_core.environment:checking '/home/taton/ROS2/ros2_drone/src/install/px4_msgs/bin'
[528.802s] Level 1:colcon.colcon_core.environment:checking '/home/taton/ROS2/ros2_drone/src/install/px4_msgs/lib/pkgconfig/px4_msgs.pc'
[528.802s] Level 1:colcon.colcon_core.environment:checking '/home/taton/ROS2/ros2_drone/src/install/px4_msgs/lib/python3.12/site-packages'
[528.802s] Level 1:colcon.colcon_core.shell:create_environment_hook('px4_msgs', 'pythonpath')
[528.803s] INFO:colcon.colcon_core.shell:Creating environment hook '/home/taton/ROS2/ros2_drone/src/install/px4_msgs/share/px4_msgs/hook/pythonpath.ps1'
[528.803s] INFO:colcon.colcon_core.shell:Creating environment descriptor '/home/taton/ROS2/ros2_drone/src/install/px4_msgs/share/px4_msgs/hook/pythonpath.dsv'
[528.803s] INFO:colcon.colcon_core.shell:Creating environment hook '/home/taton/ROS2/ros2_drone/src/install/px4_msgs/share/px4_msgs/hook/pythonpath.sh'
[528.804s] Level 1:colcon.colcon_core.environment:checking '/home/taton/ROS2/ros2_drone/src/install/px4_msgs/bin'
[528.804s] INFO:colcon.colcon_core.shell:Creating package script '/home/taton/ROS2/ros2_drone/src/install/px4_msgs/share/px4_msgs/package.ps1'
[528.805s] INFO:colcon.colcon_core.shell:Creating package descriptor '/home/taton/ROS2/ros2_drone/src/install/px4_msgs/share/px4_msgs/package.dsv'
[528.806s] INFO:colcon.colcon_core.shell:Creating package script '/home/taton/ROS2/ros2_drone/src/install/px4_msgs/share/px4_msgs/package.sh'
[528.806s] INFO:colcon.colcon_core.shell:Creating package script '/home/taton/ROS2/ros2_drone/src/install/px4_msgs/share/px4_msgs/package.bash'
[528.807s] INFO:colcon.colcon_core.shell:Creating package script '/home/taton/ROS2/ros2_drone/src/install/px4_msgs/share/px4_msgs/package.zsh'
[528.807s] Level 1:colcon.colcon_core.environment:create_file_with_runtime_dependencies(/home/taton/ROS2/ros2_drone/src/install/px4_msgs/share/colcon-core/packages/px4_msgs)
[528.807s] INFO:colcon.colcon_ros.task.ament_python.build:Building ROS package in '/home/taton/ROS2/ros2_drone/src/drone_controller' with build type 'ament_python'
[528.808s] Level 1:colcon.colcon_core.shell:create_environment_hook('drone_controller', 'ament_prefix_path')
[528.808s] INFO:colcon.colcon_core.shell:Creating environment hook '/home/taton/ROS2/ros2_drone/src/install/drone_controller/share/drone_controller/hook/ament_prefix_path.ps1'
[528.809s] INFO:colcon.colcon_core.shell:Creating environment descriptor '/home/taton/ROS2/ros2_drone/src/install/drone_controller/share/drone_controller/hook/ament_prefix_path.dsv'
[528.810s] INFO:colcon.colcon_core.shell:Creating environment hook '/home/taton/ROS2/ros2_drone/src/install/drone_controller/share/drone_controller/hook/ament_prefix_path.sh'
[528.810s] INFO:colcon.colcon_core.shell:Skip shell extension 'powershell' for command environment: Not usable outside of PowerShell
[528.810s] DEBUG:colcon.colcon_core.shell:Skip shell extension 'dsv' for command environment
[529.147s] INFO:colcon.colcon_core.task.python.build:Building Python package in '/home/taton/ROS2/ros2_drone/src/drone_controller'
[529.147s] INFO:colcon.colcon_core.shell:Skip shell extension 'powershell' for command environment: Not usable outside of PowerShell
[529.147s] DEBUG:colcon.colcon_core.shell:Skip shell extension 'dsv' for command environment
[530.007s] DEBUG:colcon.colcon_core.event_handler.log_command:Invoking command in '/home/taton/ROS2/ros2_drone/src/drone_controller': AMENT_PREFIX_PATH=/home/taton/ROS2/ros2_drone/src/install/px4_msgs:${AMENT_PREFIX_PATH} CMAKE_PREFIX_PATH=/home/taton/ROS2/ros2_drone/src/install/px4_msgs:${CMAKE_PREFIX_PATH} DEBUGINFOD_URLS=https://debuginfod.ubuntu.com LD_LIBRARY_PATH=/home/taton/ROS2/ros2_drone/src/install/px4_msgs/lib:${LD_LIBRARY_PATH} PYTHONPATH=/home/taton/ROS2/ros2_drone/src/build/drone_controller/prefix_override:/usr/lib/python3/dist-packages/colcon_core/task/python/colcon_distutils_commands:/home/taton/ROS2/ros2_drone/src/install/drone_controller/lib/python3.12/site-packages:/home/taton/ROS2/ros2_drone/src/install/px4_msgs/lib/python3.12/site-packages:${PYTHONPATH} /usr/bin/python3 -W ignore:setup.py install is deprecated -W ignore:easy_install command is deprecated setup.py egg_info --egg-base ../build/drone_controller build --build-base /home/taton/ROS2/ros2_drone/src/build/drone_controller/build install --record /home/taton/ROS2/ros2_drone/src/build/drone_controller/install.log --single-version-externally-managed install_data
[530.746s] Level 1:colcon.colcon_core.environment:checking '/home/taton/ROS2/ros2_drone/src/install/drone_controller' for CMake module files
[530.747s] DEBUG:colcon.colcon_core.event_handler.log_command:Invoked command in '/home/taton/ROS2/ros2_drone/src/drone_controller' returned '0': AMENT_PREFIX_PATH=/home/taton/ROS2/ros2_drone/src/install/px4_msgs:${AMENT_PREFIX_PATH} CMAKE_PREFIX_PATH=/home/taton/ROS2/ros2_drone/src/install/px4_msgs:${CMAKE_PREFIX_PATH} DEBUGINFOD_URLS=https://debuginfod.ubuntu.com LD_LIBRARY_PATH=/home/taton/ROS2/ros2_drone/src/install/px4_msgs/lib:${LD_LIBRARY_PATH} PYTHONPATH=/home/taton/ROS2/ros2_drone/src/build/drone_controller/prefix_override:/usr/lib/python3/dist-packages/colcon_core/task/python/colcon_distutils_commands:/home/taton/ROS2/ros2_drone/src/install/drone_controller/lib/python3.12/site-packages:/home/taton/ROS2/ros2_drone/src/install/px4_msgs/lib/python3.12/site-packages:${PYTHONPATH} /usr/bin/python3 -W ignore:setup.py install is deprecated -W ignore:easy_install command is deprecated setup.py egg_info --egg-base ../build/drone_controller build --build-base /home/taton/ROS2/ros2_drone/src/build/drone_controller/build install --record /home/taton/ROS2/ros2_drone/src/build/drone_controller/install.log --single-version-externally-managed install_data
[530.747s] Level 1:colcon.colcon_core.environment:checking '/home/taton/ROS2/ros2_drone/src/install/drone_controller' for CMake config files
[530.748s] Level 1:colcon.colcon_core.environment:checking '/home/taton/ROS2/ros2_drone/src/install/drone_controller/lib'
[530.748s] Level 1:colcon.colcon_core.environment:checking '/home/taton/ROS2/ros2_drone/src/install/drone_controller/bin'
[530.748s] Level 1:colcon.colcon_core.environment:checking '/home/taton/ROS2/ros2_drone/src/install/drone_controller/lib/pkgconfig/drone_controller.pc'
[530.749s] Level 1:colcon.colcon_core.environment:checking '/home/taton/ROS2/ros2_drone/src/install/drone_controller/lib/python3.12/site-packages'
[530.749s] Level 1:colcon.colcon_core.shell:create_environment_hook('drone_controller', 'pythonpath')
[530.749s] INFO:colcon.colcon_core.shell:Creating environment hook '/home/taton/ROS2/ros2_drone/src/install/drone_controller/share/drone_controller/hook/pythonpath.ps1'
[530.750s] INFO:colcon.colcon_core.shell:Creating environment descriptor '/home/taton/ROS2/ros2_drone/src/install/drone_controller/share/drone_controller/hook/pythonpath.dsv'
[530.750s] INFO:colcon.colcon_core.shell:Creating environment hook '/home/taton/ROS2/ros2_drone/src/install/drone_controller/share/drone_controller/hook/pythonpath.sh'
[530.751s] Level 1:colcon.colcon_core.environment:checking '/home/taton/ROS2/ros2_drone/src/install/drone_controller/bin'
[530.751s] Level 1:colcon.colcon_core.environment:create_environment_scripts_only(drone_controller)
[530.751s] INFO:colcon.colcon_core.shell:Creating package script '/home/taton/ROS2/ros2_drone/src/install/drone_controller/share/drone_controller/package.ps1'
[530.752s] INFO:colcon.colcon_core.shell:Creating package descriptor '/home/taton/ROS2/ros2_drone/src/install/drone_controller/share/drone_controller/package.dsv'
[530.753s] INFO:colcon.colcon_core.shell:Creating package script '/home/taton/ROS2/ros2_drone/src/install/drone_controller/share/drone_controller/package.sh'
[530.753s] INFO:colcon.colcon_core.shell:Creating package script '/home/taton/ROS2/ros2_drone/src/install/drone_controller/share/drone_controller/package.bash'
[530.754s] INFO:colcon.colcon_core.shell:Creating package script '/home/taton/ROS2/ros2_drone/src/install/drone_controller/share/drone_controller/package.zsh'
[530.754s] Level 1:colcon.colcon_core.environment:create_file_with_runtime_dependencies(/home/taton/ROS2/ros2_drone/src/install/drone_controller/share/colcon-core/packages/drone_controller)
[530.754s] DEBUG:colcon.colcon_parallel_executor.executor.parallel:closing loop
[530.755s] DEBUG:colcon.colcon_parallel_executor.executor.parallel:loop closed
[530.755s] DEBUG:colcon.colcon_parallel_executor.executor.parallel:run_until_complete finished with '0'
[530.755s] DEBUG:colcon.colcon_core.event_reactor:joining thread
[530.769s] INFO:colcon.colcon_core.plugin_system:Skipping extension 'colcon_notification.desktop_notification.terminal_notifier': Not used on non-Darwin systems
[530.769s] INFO:colcon.colcon_core.plugin_system:Skipping extension 'colcon_notification.desktop_notification.win32': Not used on non-Windows systems
[530.769s] INFO:colcon.colcon_notification.desktop_notification:Sending desktop notification using 'notify2'
[530.795s] DEBUG:colcon.colcon_core.event_reactor:joined thread
[530.796s] INFO:colcon.colcon_core.shell:Creating prefix script '/home/taton/ROS2/ros2_drone/src/install/local_setup.ps1'
[530.797s] INFO:colcon.colcon_core.shell:Creating prefix util module '/home/taton/ROS2/ros2_drone/src/install/_local_setup_util_ps1.py'
[530.799s] INFO:colcon.colcon_core.shell:Creating prefix chain script '/home/taton/ROS2/ros2_drone/src/install/setup.ps1'
[530.800s] INFO:colcon.colcon_core.shell:Creating prefix script '/home/taton/ROS2/ros2_drone/src/install/local_setup.sh'
[530.801s] INFO:colcon.colcon_core.shell:Creating prefix util module '/home/taton/ROS2/ros2_drone/src/install/_local_setup_util_sh.py'
[530.802s] INFO:colcon.colcon_core.shell:Creating prefix chain script '/home/taton/ROS2/ros2_drone/src/install/setup.sh'
[530.803s] INFO:colcon.colcon_core.shell:Creating prefix script '/home/taton/ROS2/ros2_drone/src/install/local_setup.bash'
[530.804s] INFO:colcon.colcon_core.shell:Creating prefix chain script '/home/taton/ROS2/ros2_drone/src/install/setup.bash'
[530.805s] INFO:colcon.colcon_core.shell:Creating prefix script '/home/taton/ROS2/ros2_drone/src/install/local_setup.zsh'
[530.806s] INFO:colcon.colcon_core.shell:Creating prefix chain script '/home/taton/ROS2/ros2_drone/src/install/setup.zsh'
