[0.150s] DEBUG:colcon:Command line arguments: ['/usr/bin/colcon', 'build', '--packages-select', 'drone_controller']
[0.150s] DEBUG:colcon:Parsed command line arguments: Namespace(log_base=None, log_level=None, verb_name='build', build_base='build', install_base='install', merge_install=False, symlink_install=False, test_result_base=None, continue_on_error=False, executor='parallel', parallel_workers=8, event_handlers=None, ignore_user_meta=False, metas=['./colcon.meta'], base_paths=['.'], packages_ignore=None, packages_ignore_regex=None, paths=None, packages_up_to=None, packages_up_to_regex=None, packages_above=None, packages_above_and_dependencies=None, packages_above_depth=None, packages_select_by_dep=None, packages_skip_by_dep=None, packages_skip_up_to=None, packages_select_build_failed=False, packages_skip_build_finished=False, packages_select_test_failures=False, packages_skip_test_passed=False, packages_select=['drone_controller'], packages_skip=None, packages_select_regex=None, packages_skip_regex=None, packages_start=None, packages_end=None, allow_overriding=[], cmake_args=None, cmake_target=None, cmake_target_skip_unavailable=False, cmake_clean_cache=False, cmake_clean_first=False, cmake_force_configure=False, ament_cmake_args=None, catkin_cmake_args=None, catkin_skip_building_tests=False, mixin_files=None, mixin=None, verb_parser=<colcon_mixin.mixin.mixin_argument.MixinArgumentDecorator object at 0x7c23fcc96450>, verb_extension=<colcon_core.verb.build.BuildVerb object at 0x7c23fcc96180>, main=<bound method BuildVerb.main of <colcon_core.verb.build.BuildVerb object at 0x7c23fcc96180>>, mixin_verb=('build',))
[0.200s] Level 1:colcon.colcon_core.package_discovery:discover_packages(colcon_meta) check parameters
[0.200s] Level 1:colcon.colcon_core.package_discovery:discover_packages(recursive) check parameters
[0.200s] Level 1:colcon.colcon_core.package_discovery:discover_packages(ignore) check parameters
[0.200s] Level 1:colcon.colcon_core.package_discovery:discover_packages(path) check parameters
[0.200s] Level 1:colcon.colcon_core.package_discovery:discover_packages(colcon_meta) discover
[0.201s] Level 1:colcon.colcon_core.package_discovery:discover_packages(recursive) discover
[0.201s] INFO:colcon.colcon_core.package_discovery:Crawling recursively for packages in '/home/taton/ROS2/ros2_drone/src'
[0.201s] Level 1:colcon.colcon_core.package_identification:_identify(.) by extensions ['ignore', 'ignore_ament_install']
[0.201s] Level 1:colcon.colcon_core.package_identification:_identify(.) by extension 'ignore'
[0.201s] Level 1:colcon.colcon_core.package_identification:_identify(.) by extension 'ignore_ament_install'
[0.201s] Level 1:colcon.colcon_core.package_identification:_identify(.) by extensions ['colcon_pkg']
[0.201s] Level 1:colcon.colcon_core.package_identification:_identify(.) by extension 'colcon_pkg'
[0.201s] Level 1:colcon.colcon_core.package_identification:_identify(.) by extensions ['colcon_meta']
[0.201s] Level 1:colcon.colcon_core.package_identification:_identify(.) by extension 'colcon_meta'
[0.201s] Level 1:colcon.colcon_core.package_identification:_identify(.) by extensions ['ros']
[0.201s] Level 1:colcon.colcon_core.package_identification:_identify(.) by extension 'ros'
[0.235s] Level 1:colcon.colcon_core.package_identification:_identify(.) by extensions ['cmake', 'python']
[0.235s] Level 1:colcon.colcon_core.package_identification:_identify(.) by extension 'cmake'
[0.235s] Level 1:colcon.colcon_core.package_identification:_identify(.) by extension 'python'
[0.235s] Level 1:colcon.colcon_core.package_identification:_identify(.) by extensions ['python_setup_py']
[0.235s] Level 1:colcon.colcon_core.package_identification:_identify(.) by extension 'python_setup_py'
[0.235s] Level 1:colcon.colcon_core.package_identification:_identify(build) by extensions ['ignore', 'ignore_ament_install']
[0.235s] Level 1:colcon.colcon_core.package_identification:_identify(build) by extension 'ignore'
[0.235s] Level 1:colcon.colcon_core.package_identification:_identify(build) ignored
[0.236s] Level 1:colcon.colcon_core.package_identification:_identify(drone_controller) by extensions ['ignore', 'ignore_ament_install']
[0.236s] Level 1:colcon.colcon_core.package_identification:_identify(drone_controller) by extension 'ignore'
[0.236s] Level 1:colcon.colcon_core.package_identification:_identify(drone_controller) by extension 'ignore_ament_install'
[0.236s] Level 1:colcon.colcon_core.package_identification:_identify(drone_controller) by extensions ['colcon_pkg']
[0.236s] Level 1:colcon.colcon_core.package_identification:_identify(drone_controller) by extension 'colcon_pkg'
[0.236s] Level 1:colcon.colcon_core.package_identification:_identify(drone_controller) by extensions ['colcon_meta']
[0.236s] Level 1:colcon.colcon_core.package_identification:_identify(drone_controller) by extension 'colcon_meta'
[0.236s] Level 1:colcon.colcon_core.package_identification:_identify(drone_controller) by extensions ['ros']
[0.236s] Level 1:colcon.colcon_core.package_identification:_identify(drone_controller) by extension 'ros'
[0.239s] DEBUG:colcon.colcon_core.package_identification:Package 'drone_controller' with type 'ros.ament_python' and name 'drone_controller'
[0.239s] Level 1:colcon.colcon_core.package_identification:_identify(install) by extensions ['ignore', 'ignore_ament_install']
[0.239s] Level 1:colcon.colcon_core.package_identification:_identify(install) by extension 'ignore'
[0.239s] Level 1:colcon.colcon_core.package_identification:_identify(install) ignored
[0.240s] Level 1:colcon.colcon_core.package_identification:_identify(log) by extensions ['ignore', 'ignore_ament_install']
[0.240s] Level 1:colcon.colcon_core.package_identification:_identify(log) by extension 'ignore'
[0.240s] Level 1:colcon.colcon_core.package_identification:_identify(log) ignored
[0.240s] Level 1:colcon.colcon_core.package_identification:_identify(px4_msgs) by extensions ['ignore', 'ignore_ament_install']
[0.240s] Level 1:colcon.colcon_core.package_identification:_identify(px4_msgs) by extension 'ignore'
[0.240s] Level 1:colcon.colcon_core.package_identification:_identify(px4_msgs) by extension 'ignore_ament_install'
[0.240s] Level 1:colcon.colcon_core.package_identification:_identify(px4_msgs) by extensions ['colcon_pkg']
[0.240s] Level 1:colcon.colcon_core.package_identification:_identify(px4_msgs) by extension 'colcon_pkg'
[0.240s] Level 1:colcon.colcon_core.package_identification:_identify(px4_msgs) by extensions ['colcon_meta']
[0.240s] Level 1:colcon.colcon_core.package_identification:_identify(px4_msgs) by extension 'colcon_meta'
[0.240s] Level 1:colcon.colcon_core.package_identification:_identify(px4_msgs) by extensions ['ros']
[0.240s] Level 1:colcon.colcon_core.package_identification:_identify(px4_msgs) by extension 'ros'
[0.241s] DEBUG:colcon.colcon_core.package_identification:Package 'px4_msgs' with type 'ros.ament_cmake' and name 'px4_msgs'
[0.241s] Level 1:colcon.colcon_core.package_discovery:discover_packages(recursive) using defaults
[0.241s] Level 1:colcon.colcon_core.package_discovery:discover_packages(ignore) discover
[0.241s] Level 1:colcon.colcon_core.package_discovery:discover_packages(ignore) using defaults
[0.241s] Level 1:colcon.colcon_core.package_discovery:discover_packages(path) discover
[0.241s] Level 1:colcon.colcon_core.package_discovery:discover_packages(path) using defaults
[0.265s] INFO:colcon.colcon_core.package_selection:Skipping not selected package 'px4_msgs' in 'px4_msgs'
[0.265s] Level 1:colcon.colcon_core.package_discovery:discover_packages(prefix_path) check parameters
[0.265s] Level 1:colcon.colcon_core.package_discovery:discover_packages(prefix_path) discover
[0.268s] DEBUG:colcon.colcon_installed_package_information.package_discovery:Found 2 installed packages in /home/taton/ROS2/ros2_drone/src/install
[0.268s] DEBUG:colcon.colcon_installed_package_information.package_discovery:Found 2 installed packages in /home/taton/ROS2/ros2_drone/install
[0.271s] DEBUG:colcon.colcon_installed_package_information.package_discovery:Found 320 installed packages in /opt/ros/jazzy
[0.273s] Level 1:colcon.colcon_core.package_discovery:discover_packages(prefix_path) using defaults
[0.340s] Level 5:colcon.colcon_core.verb:set package 'drone_controller' build argument 'cmake_args' from command line to 'None'
[0.340s] Level 5:colcon.colcon_core.verb:set package 'drone_controller' build argument 'cmake_target' from command line to 'None'
[0.340s] Level 5:colcon.colcon_core.verb:set package 'drone_controller' build argument 'cmake_target_skip_unavailable' from command line to 'False'
[0.340s] Level 5:colcon.colcon_core.verb:set package 'drone_controller' build argument 'cmake_clean_cache' from command line to 'False'
[0.340s] Level 5:colcon.colcon_core.verb:set package 'drone_controller' build argument 'cmake_clean_first' from command line to 'False'
[0.340s] Level 5:colcon.colcon_core.verb:set package 'drone_controller' build argument 'cmake_force_configure' from command line to 'False'
[0.340s] Level 5:colcon.colcon_core.verb:set package 'drone_controller' build argument 'ament_cmake_args' from command line to 'None'
[0.340s] Level 5:colcon.colcon_core.verb:set package 'drone_controller' build argument 'catkin_cmake_args' from command line to 'None'
[0.340s] Level 5:colcon.colcon_core.verb:set package 'drone_controller' build argument 'catkin_skip_building_tests' from command line to 'False'
[0.340s] DEBUG:colcon.colcon_core.verb:Building package 'drone_controller' with the following arguments: {'ament_cmake_args': None, 'build_base': '/home/taton/ROS2/ros2_drone/src/build/drone_controller', 'catkin_cmake_args': None, 'catkin_skip_building_tests': False, 'cmake_args': None, 'cmake_clean_cache': False, 'cmake_clean_first': False, 'cmake_force_configure': False, 'cmake_target': None, 'cmake_target_skip_unavailable': False, 'install_base': '/home/taton/ROS2/ros2_drone/src/install/drone_controller', 'merge_install': False, 'path': '/home/taton/ROS2/ros2_drone/src/drone_controller', 'symlink_install': False, 'test_result_base': None}
[0.341s] INFO:colcon.colcon_core.executor:Executing jobs using 'parallel' executor
[0.342s] DEBUG:colcon.colcon_parallel_executor.executor.parallel:run_until_complete
[0.342s] INFO:colcon.colcon_ros.task.ament_python.build:Building ROS package in '/home/taton/ROS2/ros2_drone/src/drone_controller' with build type 'ament_python'
[0.342s] Level 1:colcon.colcon_core.shell:create_environment_hook('drone_controller', 'ament_prefix_path')
[0.347s] INFO:colcon.colcon_core.plugin_system:Skipping extension 'colcon_core.shell.bat': Not used on non-Windows systems
[0.347s] INFO:colcon.colcon_core.shell:Creating environment hook '/home/taton/ROS2/ros2_drone/src/install/drone_controller/share/drone_controller/hook/ament_prefix_path.ps1'
[0.348s] INFO:colcon.colcon_core.shell:Creating environment descriptor '/home/taton/ROS2/ros2_drone/src/install/drone_controller/share/drone_controller/hook/ament_prefix_path.dsv'
[0.349s] INFO:colcon.colcon_core.shell:Creating environment hook '/home/taton/ROS2/ros2_drone/src/install/drone_controller/share/drone_controller/hook/ament_prefix_path.sh'
[0.350s] INFO:colcon.colcon_core.shell:Skip shell extension 'powershell' for command environment: Not usable outside of PowerShell
[0.350s] DEBUG:colcon.colcon_core.shell:Skip shell extension 'dsv' for command environment
[0.669s] INFO:colcon.colcon_core.task.python.build:Building Python package in '/home/taton/ROS2/ros2_drone/src/drone_controller'
[0.669s] INFO:colcon.colcon_core.shell:Skip shell extension 'powershell' for command environment: Not usable outside of PowerShell
[0.669s] DEBUG:colcon.colcon_core.shell:Skip shell extension 'dsv' for command environment
[1.601s] DEBUG:colcon.colcon_core.event_handler.log_command:Invoking command in '/home/taton/ROS2/ros2_drone/src/drone_controller': DEBUGINFOD_URLS=https://debuginfod.ubuntu.com PYTHONPATH=/home/taton/ROS2/ros2_drone/src/build/drone_controller/prefix_override:/usr/lib/python3/dist-packages/colcon_core/task/python/colcon_distutils_commands:/home/taton/ROS2/ros2_drone/src/install/drone_controller/lib/python3.12/site-packages:/home/taton/ROS2/ros2_drone/src/install/px4_msgs/lib/python3.12/site-packages:/home/taton/ROS2/ros2_drone/src/install/drone_controller/lib/python3.12/site-packages:/home/taton/ROS2/ros2_drone/install/px4_msgs/lib/python3.12/site-packages:/home/taton/ROS2/ros2_drone/install/drone_controller/lib/python3.12/site-packages:/opt/ros/jazzy/lib/python3.12/site-packages /usr/bin/python3 -W ignore:setup.py install is deprecated -W ignore:easy_install command is deprecated setup.py egg_info --egg-base ../build/drone_controller build --build-base /home/taton/ROS2/ros2_drone/src/build/drone_controller/build install --record /home/taton/ROS2/ros2_drone/src/build/drone_controller/install.log --single-version-externally-managed install_data
[2.420s] DEBUG:colcon.colcon_core.event_handler.log_command:Invoked command in '/home/taton/ROS2/ros2_drone/src/drone_controller' returned '0': DEBUGINFOD_URLS=https://debuginfod.ubuntu.com PYTHONPATH=/home/taton/ROS2/ros2_drone/src/build/drone_controller/prefix_override:/usr/lib/python3/dist-packages/colcon_core/task/python/colcon_distutils_commands:/home/taton/ROS2/ros2_drone/src/install/drone_controller/lib/python3.12/site-packages:/home/taton/ROS2/ros2_drone/src/install/px4_msgs/lib/python3.12/site-packages:/home/taton/ROS2/ros2_drone/src/install/drone_controller/lib/python3.12/site-packages:/home/taton/ROS2/ros2_drone/install/px4_msgs/lib/python3.12/site-packages:/home/taton/ROS2/ros2_drone/install/drone_controller/lib/python3.12/site-packages:/opt/ros/jazzy/lib/python3.12/site-packages /usr/bin/python3 -W ignore:setup.py install is deprecated -W ignore:easy_install command is deprecated setup.py egg_info --egg-base ../build/drone_controller build --build-base /home/taton/ROS2/ros2_drone/src/build/drone_controller/build install --record /home/taton/ROS2/ros2_drone/src/build/drone_controller/install.log --single-version-externally-managed install_data
[2.422s] Level 1:colcon.colcon_core.environment:checking '/home/taton/ROS2/ros2_drone/src/install/drone_controller' for CMake module files
[2.423s] Level 1:colcon.colcon_core.environment:checking '/home/taton/ROS2/ros2_drone/src/install/drone_controller' for CMake config files
[2.424s] Level 1:colcon.colcon_core.environment:checking '/home/taton/ROS2/ros2_drone/src/install/drone_controller/lib'
[2.424s] Level 1:colcon.colcon_core.environment:checking '/home/taton/ROS2/ros2_drone/src/install/drone_controller/bin'
[2.424s] Level 1:colcon.colcon_core.environment:checking '/home/taton/ROS2/ros2_drone/src/install/drone_controller/lib/pkgconfig/drone_controller.pc'
[2.425s] Level 1:colcon.colcon_core.environment:checking '/home/taton/ROS2/ros2_drone/src/install/drone_controller/lib/python3.12/site-packages'
[2.425s] Level 1:colcon.colcon_core.shell:create_environment_hook('drone_controller', 'pythonpath')
[2.425s] INFO:colcon.colcon_core.shell:Creating environment hook '/home/taton/ROS2/ros2_drone/src/install/drone_controller/share/drone_controller/hook/pythonpath.ps1'
[2.425s] INFO:colcon.colcon_core.shell:Creating environment descriptor '/home/taton/ROS2/ros2_drone/src/install/drone_controller/share/drone_controller/hook/pythonpath.dsv'
[2.426s] INFO:colcon.colcon_core.shell:Creating environment hook '/home/taton/ROS2/ros2_drone/src/install/drone_controller/share/drone_controller/hook/pythonpath.sh'
[2.427s] Level 1:colcon.colcon_core.environment:checking '/home/taton/ROS2/ros2_drone/src/install/drone_controller/bin'
[2.427s] Level 1:colcon.colcon_core.environment:create_environment_scripts_only(drone_controller)
[2.427s] INFO:colcon.colcon_core.shell:Creating package script '/home/taton/ROS2/ros2_drone/src/install/drone_controller/share/drone_controller/package.ps1'
[2.428s] INFO:colcon.colcon_core.shell:Creating package descriptor '/home/taton/ROS2/ros2_drone/src/install/drone_controller/share/drone_controller/package.dsv'
[2.429s] INFO:colcon.colcon_core.shell:Creating package script '/home/taton/ROS2/ros2_drone/src/install/drone_controller/share/drone_controller/package.sh'
[2.430s] INFO:colcon.colcon_core.shell:Creating package script '/home/taton/ROS2/ros2_drone/src/install/drone_controller/share/drone_controller/package.bash'
[2.431s] INFO:colcon.colcon_core.shell:Creating package script '/home/taton/ROS2/ros2_drone/src/install/drone_controller/share/drone_controller/package.zsh'
[2.431s] Level 1:colcon.colcon_core.environment:create_file_with_runtime_dependencies(/home/taton/ROS2/ros2_drone/src/install/drone_controller/share/colcon-core/packages/drone_controller)
[2.432s] DEBUG:colcon.colcon_parallel_executor.executor.parallel:closing loop
[2.432s] DEBUG:colcon.colcon_parallel_executor.executor.parallel:loop closed
[2.432s] DEBUG:colcon.colcon_parallel_executor.executor.parallel:run_until_complete finished with '0'
[2.432s] DEBUG:colcon.colcon_core.event_reactor:joining thread
[2.441s] INFO:colcon.colcon_core.plugin_system:Skipping extension 'colcon_notification.desktop_notification.terminal_notifier': Not used on non-Darwin systems
[2.441s] INFO:colcon.colcon_core.plugin_system:Skipping extension 'colcon_notification.desktop_notification.win32': Not used on non-Windows systems
[2.441s] INFO:colcon.colcon_notification.desktop_notification:Sending desktop notification using 'notify2'
[2.461s] DEBUG:colcon.colcon_core.event_reactor:joined thread
[2.461s] INFO:colcon.colcon_core.shell:Creating prefix script '/home/taton/ROS2/ros2_drone/src/install/local_setup.ps1'
[2.462s] INFO:colcon.colcon_core.shell:Creating prefix util module '/home/taton/ROS2/ros2_drone/src/install/_local_setup_util_ps1.py'
[2.464s] INFO:colcon.colcon_core.shell:Creating prefix chain script '/home/taton/ROS2/ros2_drone/src/install/setup.ps1'
[2.466s] INFO:colcon.colcon_core.shell:Creating prefix script '/home/taton/ROS2/ros2_drone/src/install/local_setup.sh'
[2.467s] INFO:colcon.colcon_core.shell:Creating prefix util module '/home/taton/ROS2/ros2_drone/src/install/_local_setup_util_sh.py'
[2.468s] INFO:colcon.colcon_core.shell:Creating prefix chain script '/home/taton/ROS2/ros2_drone/src/install/setup.sh'
[2.469s] INFO:colcon.colcon_core.shell:Creating prefix script '/home/taton/ROS2/ros2_drone/src/install/local_setup.bash'
[2.470s] INFO:colcon.colcon_core.shell:Creating prefix chain script '/home/taton/ROS2/ros2_drone/src/install/setup.bash'
[2.472s] INFO:colcon.colcon_core.shell:Creating prefix script '/home/taton/ROS2/ros2_drone/src/install/local_setup.zsh'
[2.473s] INFO:colcon.colcon_core.shell:Creating prefix chain script '/home/taton/ROS2/ros2_drone/src/install/setup.zsh'
