[0.136s] DEBUG:colcon:Command line arguments: ['/usr/bin/colcon', 'build']
[0.136s] DEBUG:colcon:Parsed command line arguments: Namespace(log_base=None, log_level=None, verb_name='build', build_base='build', install_base='install', merge_install=False, symlink_install=False, test_result_base=None, continue_on_error=False, executor='parallel', parallel_workers=8, event_handlers=None, ignore_user_meta=False, metas=['./colcon.meta'], base_paths=['.'], packages_ignore=None, packages_ignore_regex=None, paths=None, packages_up_to=None, packages_up_to_regex=None, packages_above=None, packages_above_and_dependencies=None, packages_above_depth=None, packages_select_by_dep=None, packages_skip_by_dep=None, packages_skip_up_to=None, packages_select_build_failed=False, packages_skip_build_finished=False, packages_select_test_failures=False, packages_skip_test_passed=False, packages_select=None, packages_skip=None, packages_select_regex=None, packages_skip_regex=None, packages_start=None, packages_end=None, allow_overriding=[], cmake_args=None, cmake_target=None, cmake_target_skip_unavailable=False, cmake_clean_cache=False, cmake_clean_first=False, cmake_force_configure=False, ament_cmake_args=None, catkin_cmake_args=None, catkin_skip_building_tests=False, mixin_files=None, mixin=None, verb_parser=<colcon_mixin.mixin.mixin_argument.MixinArgumentDecorator object at 0x7c4e1359e150>, verb_extension=<colcon_core.verb.build.BuildVerb object at 0x7c4e1359dd90>, main=<bound method BuildVerb.main of <colcon_core.verb.build.BuildVerb object at 0x7c4e1359dd90>>, mixin_verb=('build',))
[0.182s] Level 1:colcon.colcon_core.package_discovery:discover_packages(colcon_meta) check parameters
[0.182s] Level 1:colcon.colcon_core.package_discovery:discover_packages(recursive) check parameters
[0.182s] Level 1:colcon.colcon_core.package_discovery:discover_packages(ignore) check parameters
[0.182s] Level 1:colcon.colcon_core.package_discovery:discover_packages(path) check parameters
[0.182s] Level 1:colcon.colcon_core.package_discovery:discover_packages(colcon_meta) discover
[0.182s] Level 1:colcon.colcon_core.package_discovery:discover_packages(recursive) discover
[0.182s] INFO:colcon.colcon_core.package_discovery:Crawling recursively for packages in '/home/taton/ROS2/ros2_drone'
[0.182s] Level 1:colcon.colcon_core.package_identification:_identify(.) by extensions ['ignore', 'ignore_ament_install']
[0.182s] Level 1:colcon.colcon_core.package_identification:_identify(.) by extension 'ignore'
[0.182s] Level 1:colcon.colcon_core.package_identification:_identify(.) by extension 'ignore_ament_install'
[0.182s] Level 1:colcon.colcon_core.package_identification:_identify(.) by extensions ['colcon_pkg']
[0.182s] Level 1:colcon.colcon_core.package_identification:_identify(.) by extension 'colcon_pkg'
[0.183s] Level 1:colcon.colcon_core.package_identification:_identify(.) by extensions ['colcon_meta']
[0.183s] Level 1:colcon.colcon_core.package_identification:_identify(.) by extension 'colcon_meta'
[0.183s] Level 1:colcon.colcon_core.package_identification:_identify(.) by extensions ['ros']
[0.183s] Level 1:colcon.colcon_core.package_identification:_identify(.) by extension 'ros'
[0.213s] Level 1:colcon.colcon_core.package_identification:_identify(.) by extensions ['cmake', 'python']
[0.213s] Level 1:colcon.colcon_core.package_identification:_identify(.) by extension 'cmake'
[0.213s] Level 1:colcon.colcon_core.package_identification:_identify(.) by extension 'python'
[0.213s] Level 1:colcon.colcon_core.package_identification:_identify(.) by extensions ['python_setup_py']
[0.213s] Level 1:colcon.colcon_core.package_identification:_identify(.) by extension 'python_setup_py'
[0.213s] Level 1:colcon.colcon_core.package_identification:_identify(build) by extensions ['ignore', 'ignore_ament_install']
[0.214s] Level 1:colcon.colcon_core.package_identification:_identify(build) by extension 'ignore'
[0.214s] Level 1:colcon.colcon_core.package_identification:_identify(build) ignored
[0.214s] Level 1:colcon.colcon_core.package_identification:_identify(install) by extensions ['ignore', 'ignore_ament_install']
[0.214s] Level 1:colcon.colcon_core.package_identification:_identify(install) by extension 'ignore'
[0.214s] Level 1:colcon.colcon_core.package_identification:_identify(install) ignored
[0.214s] Level 1:colcon.colcon_core.package_identification:_identify(log) by extensions ['ignore', 'ignore_ament_install']
[0.214s] Level 1:colcon.colcon_core.package_identification:_identify(log) by extension 'ignore'
[0.214s] Level 1:colcon.colcon_core.package_identification:_identify(log) ignored
[0.214s] Level 1:colcon.colcon_core.package_identification:_identify(src) by extensions ['ignore', 'ignore_ament_install']
[0.214s] Level 1:colcon.colcon_core.package_identification:_identify(src) by extension 'ignore'
[0.214s] Level 1:colcon.colcon_core.package_identification:_identify(src) by extension 'ignore_ament_install'
[0.215s] Level 1:colcon.colcon_core.package_identification:_identify(src) by extensions ['colcon_pkg']
[0.215s] Level 1:colcon.colcon_core.package_identification:_identify(src) by extension 'colcon_pkg'
[0.215s] Level 1:colcon.colcon_core.package_identification:_identify(src) by extensions ['colcon_meta']
[0.215s] Level 1:colcon.colcon_core.package_identification:_identify(src) by extension 'colcon_meta'
[0.215s] Level 1:colcon.colcon_core.package_identification:_identify(src) by extensions ['ros']
[0.215s] Level 1:colcon.colcon_core.package_identification:_identify(src) by extension 'ros'
[0.215s] Level 1:colcon.colcon_core.package_identification:_identify(src) by extensions ['cmake', 'python']
[0.215s] Level 1:colcon.colcon_core.package_identification:_identify(src) by extension 'cmake'
[0.215s] Level 1:colcon.colcon_core.package_identification:_identify(src) by extension 'python'
[0.215s] Level 1:colcon.colcon_core.package_identification:_identify(src) by extensions ['python_setup_py']
[0.215s] Level 1:colcon.colcon_core.package_identification:_identify(src) by extension 'python_setup_py'
[0.215s] Level 1:colcon.colcon_core.package_identification:_identify(src/build) by extensions ['ignore', 'ignore_ament_install']
[0.215s] Level 1:colcon.colcon_core.package_identification:_identify(src/build) by extension 'ignore'
[0.215s] Level 1:colcon.colcon_core.package_identification:_identify(src/build) ignored
[0.215s] Level 1:colcon.colcon_core.package_identification:_identify(src/drone_controller) by extensions ['ignore', 'ignore_ament_install']
[0.216s] Level 1:colcon.colcon_core.package_identification:_identify(src/drone_controller) by extension 'ignore'
[0.216s] Level 1:colcon.colcon_core.package_identification:_identify(src/drone_controller) by extension 'ignore_ament_install'
[0.216s] Level 1:colcon.colcon_core.package_identification:_identify(src/drone_controller) by extensions ['colcon_pkg']
[0.216s] Level 1:colcon.colcon_core.package_identification:_identify(src/drone_controller) by extension 'colcon_pkg'
[0.216s] Level 1:colcon.colcon_core.package_identification:_identify(src/drone_controller) by extensions ['colcon_meta']
[0.216s] Level 1:colcon.colcon_core.package_identification:_identify(src/drone_controller) by extension 'colcon_meta'
[0.216s] Level 1:colcon.colcon_core.package_identification:_identify(src/drone_controller) by extensions ['ros']
[0.216s] Level 1:colcon.colcon_core.package_identification:_identify(src/drone_controller) by extension 'ros'
[0.219s] DEBUG:colcon.colcon_core.package_identification:Package 'src/drone_controller' with type 'ros.ament_python' and name 'drone_controller'
[0.219s] Level 1:colcon.colcon_core.package_identification:_identify(src/install) by extensions ['ignore', 'ignore_ament_install']
[0.219s] Level 1:colcon.colcon_core.package_identification:_identify(src/install) by extension 'ignore'
[0.219s] Level 1:colcon.colcon_core.package_identification:_identify(src/install) ignored
[0.219s] Level 1:colcon.colcon_core.package_identification:_identify(src/log) by extensions ['ignore', 'ignore_ament_install']
[0.220s] Level 1:colcon.colcon_core.package_identification:_identify(src/log) by extension 'ignore'
[0.220s] Level 1:colcon.colcon_core.package_identification:_identify(src/log) ignored
[0.220s] Level 1:colcon.colcon_core.package_identification:_identify(src/px4_msgs) by extensions ['ignore', 'ignore_ament_install']
[0.220s] Level 1:colcon.colcon_core.package_identification:_identify(src/px4_msgs) by extension 'ignore'
[0.220s] Level 1:colcon.colcon_core.package_identification:_identify(src/px4_msgs) by extension 'ignore_ament_install'
[0.220s] Level 1:colcon.colcon_core.package_identification:_identify(src/px4_msgs) by extensions ['colcon_pkg']
[0.220s] Level 1:colcon.colcon_core.package_identification:_identify(src/px4_msgs) by extension 'colcon_pkg'
[0.220s] Level 1:colcon.colcon_core.package_identification:_identify(src/px4_msgs) by extensions ['colcon_meta']
[0.220s] Level 1:colcon.colcon_core.package_identification:_identify(src/px4_msgs) by extension 'colcon_meta'
[0.220s] Level 1:colcon.colcon_core.package_identification:_identify(src/px4_msgs) by extensions ['ros']
[0.220s] Level 1:colcon.colcon_core.package_identification:_identify(src/px4_msgs) by extension 'ros'
[0.221s] DEBUG:colcon.colcon_core.package_identification:Package 'src/px4_msgs' with type 'ros.ament_cmake' and name 'px4_msgs'
[0.221s] Level 1:colcon.colcon_core.package_discovery:discover_packages(recursive) using defaults
[0.221s] Level 1:colcon.colcon_core.package_discovery:discover_packages(ignore) discover
[0.221s] Level 1:colcon.colcon_core.package_discovery:discover_packages(ignore) using defaults
[0.221s] Level 1:colcon.colcon_core.package_discovery:discover_packages(path) discover
[0.221s] Level 1:colcon.colcon_core.package_discovery:discover_packages(path) using defaults
[0.243s] Level 1:colcon.colcon_core.package_discovery:discover_packages(prefix_path) check parameters
[0.243s] Level 1:colcon.colcon_core.package_discovery:discover_packages(prefix_path) discover
[0.245s] DEBUG:colcon.colcon_installed_package_information.package_discovery:Found 1 installed packages in /home/taton/ROS2/ros2_drone/install
[0.247s] DEBUG:colcon.colcon_installed_package_information.package_discovery:Found 320 installed packages in /opt/ros/jazzy
[0.248s] Level 1:colcon.colcon_core.package_discovery:discover_packages(prefix_path) using defaults
[0.305s] Level 5:colcon.colcon_core.verb:set package 'px4_msgs' build argument 'cmake_args' from command line to 'None'
[0.305s] Level 5:colcon.colcon_core.verb:set package 'px4_msgs' build argument 'cmake_target' from command line to 'None'
[0.305s] Level 5:colcon.colcon_core.verb:set package 'px4_msgs' build argument 'cmake_target_skip_unavailable' from command line to 'False'
[0.306s] Level 5:colcon.colcon_core.verb:set package 'px4_msgs' build argument 'cmake_clean_cache' from command line to 'False'
[0.306s] Level 5:colcon.colcon_core.verb:set package 'px4_msgs' build argument 'cmake_clean_first' from command line to 'False'
[0.306s] Level 5:colcon.colcon_core.verb:set package 'px4_msgs' build argument 'cmake_force_configure' from command line to 'False'
[0.306s] Level 5:colcon.colcon_core.verb:set package 'px4_msgs' build argument 'ament_cmake_args' from command line to 'None'
[0.306s] Level 5:colcon.colcon_core.verb:set package 'px4_msgs' build argument 'catkin_cmake_args' from command line to 'None'
[0.306s] Level 5:colcon.colcon_core.verb:set package 'px4_msgs' build argument 'catkin_skip_building_tests' from command line to 'False'
[0.306s] DEBUG:colcon.colcon_core.verb:Building package 'px4_msgs' with the following arguments: {'ament_cmake_args': None, 'build_base': '/home/taton/ROS2/ros2_drone/build/px4_msgs', 'catkin_cmake_args': None, 'catkin_skip_building_tests': False, 'cmake_args': None, 'cmake_clean_cache': False, 'cmake_clean_first': False, 'cmake_force_configure': False, 'cmake_target': None, 'cmake_target_skip_unavailable': False, 'install_base': '/home/taton/ROS2/ros2_drone/install/px4_msgs', 'merge_install': False, 'path': '/home/taton/ROS2/ros2_drone/src/px4_msgs', 'symlink_install': False, 'test_result_base': None}
[0.306s] Level 5:colcon.colcon_core.verb:set package 'drone_controller' build argument 'cmake_args' from command line to 'None'
[0.306s] Level 5:colcon.colcon_core.verb:set package 'drone_controller' build argument 'cmake_target' from command line to 'None'
[0.306s] Level 5:colcon.colcon_core.verb:set package 'drone_controller' build argument 'cmake_target_skip_unavailable' from command line to 'False'
[0.306s] Level 5:colcon.colcon_core.verb:set package 'drone_controller' build argument 'cmake_clean_cache' from command line to 'False'
[0.306s] Level 5:colcon.colcon_core.verb:set package 'drone_controller' build argument 'cmake_clean_first' from command line to 'False'
[0.306s] Level 5:colcon.colcon_core.verb:set package 'drone_controller' build argument 'cmake_force_configure' from command line to 'False'
[0.306s] Level 5:colcon.colcon_core.verb:set package 'drone_controller' build argument 'ament_cmake_args' from command line to 'None'
[0.306s] Level 5:colcon.colcon_core.verb:set package 'drone_controller' build argument 'catkin_cmake_args' from command line to 'None'
[0.306s] Level 5:colcon.colcon_core.verb:set package 'drone_controller' build argument 'catkin_skip_building_tests' from command line to 'False'
[0.306s] DEBUG:colcon.colcon_core.verb:Building package 'drone_controller' with the following arguments: {'ament_cmake_args': None, 'build_base': '/home/taton/ROS2/ros2_drone/build/drone_controller', 'catkin_cmake_args': None, 'catkin_skip_building_tests': False, 'cmake_args': None, 'cmake_clean_cache': False, 'cmake_clean_first': False, 'cmake_force_configure': False, 'cmake_target': None, 'cmake_target_skip_unavailable': False, 'install_base': '/home/taton/ROS2/ros2_drone/install/drone_controller', 'merge_install': False, 'path': '/home/taton/ROS2/ros2_drone/src/drone_controller', 'symlink_install': False, 'test_result_base': None}
[0.306s] INFO:colcon.colcon_core.executor:Executing jobs using 'parallel' executor
[0.307s] DEBUG:colcon.colcon_parallel_executor.executor.parallel:run_until_complete
[0.307s] INFO:colcon.colcon_ros.task.ament_cmake.build:Building ROS package in '/home/taton/ROS2/ros2_drone/src/px4_msgs' with build type 'ament_cmake'
[0.307s] INFO:colcon.colcon_cmake.task.cmake.build:Building CMake package in '/home/taton/ROS2/ros2_drone/src/px4_msgs'
[0.310s] INFO:colcon.colcon_core.plugin_system:Skipping extension 'colcon_core.shell.bat': Not used on non-Windows systems
[0.310s] INFO:colcon.colcon_core.shell:Skip shell extension 'powershell' for command environment: Not usable outside of PowerShell
[0.310s] DEBUG:colcon.colcon_core.shell:Skip shell extension 'dsv' for command environment
[0.321s] DEBUG:colcon.colcon_core.event_handler.log_command:Invoking command in '/home/taton/ROS2/ros2_drone/build/px4_msgs': CMAKE_PREFIX_PATH=${CMAKE_PREFIX_PATH}:/home/taton/ROS2/ros2_drone/install/drone_controller:/opt/ros/jazzy DEBUGINFOD_URLS=https://debuginfod.ubuntu.com /usr/bin/cmake /home/taton/ROS2/ros2_drone/src/px4_msgs -DCMAKE_INSTALL_PREFIX=/home/taton/ROS2/ros2_drone/install/px4_msgs
[7.006s] DEBUG:colcon.colcon_core.event_handler.log_command:Invoked command in '/home/taton/ROS2/ros2_drone/build/px4_msgs' returned '0': CMAKE_PREFIX_PATH=${CMAKE_PREFIX_PATH}:/home/taton/ROS2/ros2_drone/install/drone_controller:/opt/ros/jazzy DEBUGINFOD_URLS=https://debuginfod.ubuntu.com /usr/bin/cmake /home/taton/ROS2/ros2_drone/src/px4_msgs -DCMAKE_INSTALL_PREFIX=/home/taton/ROS2/ros2_drone/install/px4_msgs
[7.008s] DEBUG:colcon.colcon_core.event_handler.log_command:Invoking command in '/home/taton/ROS2/ros2_drone/build/px4_msgs': CMAKE_PREFIX_PATH=${CMAKE_PREFIX_PATH}:/home/taton/ROS2/ros2_drone/install/drone_controller:/opt/ros/jazzy DEBUGINFOD_URLS=https://debuginfod.ubuntu.com /usr/bin/cmake --build /home/taton/ROS2/ros2_drone/build/px4_msgs -- -j8 -l8
[395.299s] DEBUG:colcon.colcon_core.event_handler.log_command:Invoked command in '/home/taton/ROS2/ros2_drone/build/px4_msgs' returned '0': CMAKE_PREFIX_PATH=${CMAKE_PREFIX_PATH}:/home/taton/ROS2/ros2_drone/install/drone_controller:/opt/ros/jazzy DEBUGINFOD_URLS=https://debuginfod.ubuntu.com /usr/bin/cmake --build /home/taton/ROS2/ros2_drone/build/px4_msgs -- -j8 -l8
[395.313s] DEBUG:colcon.colcon_core.event_handler.log_command:Invoking command in '/home/taton/ROS2/ros2_drone/build/px4_msgs': CMAKE_PREFIX_PATH=${CMAKE_PREFIX_PATH}:/home/taton/ROS2/ros2_drone/install/drone_controller:/opt/ros/jazzy DEBUGINFOD_URLS=https://debuginfod.ubuntu.com /usr/bin/cmake --install /home/taton/ROS2/ros2_drone/build/px4_msgs
[397.211s] Level 1:colcon.colcon_core.environment:create_environment_scripts_only(px4_msgs)
[397.212s] DEBUG:colcon.colcon_core.event_handler.log_command:Invoked command in '/home/taton/ROS2/ros2_drone/build/px4_msgs' returned '0': CMAKE_PREFIX_PATH=${CMAKE_PREFIX_PATH}:/home/taton/ROS2/ros2_drone/install/drone_controller:/opt/ros/jazzy DEBUGINFOD_URLS=https://debuginfod.ubuntu.com /usr/bin/cmake --install /home/taton/ROS2/ros2_drone/build/px4_msgs
[397.214s] Level 1:colcon.colcon_core.environment:checking '/home/taton/ROS2/ros2_drone/install/px4_msgs' for CMake module files
[397.215s] Level 1:colcon.colcon_core.environment:checking '/home/taton/ROS2/ros2_drone/install/px4_msgs' for CMake config files
[397.216s] Level 1:colcon.colcon_core.shell:create_environment_hook('px4_msgs', 'cmake_prefix_path')
[397.216s] INFO:colcon.colcon_core.shell:Creating environment hook '/home/taton/ROS2/ros2_drone/install/px4_msgs/share/px4_msgs/hook/cmake_prefix_path.ps1'
[397.217s] INFO:colcon.colcon_core.shell:Creating environment descriptor '/home/taton/ROS2/ros2_drone/install/px4_msgs/share/px4_msgs/hook/cmake_prefix_path.dsv'
[397.217s] INFO:colcon.colcon_core.shell:Creating environment hook '/home/taton/ROS2/ros2_drone/install/px4_msgs/share/px4_msgs/hook/cmake_prefix_path.sh'
[397.218s] Level 1:colcon.colcon_core.environment:checking '/home/taton/ROS2/ros2_drone/install/px4_msgs/lib'
[397.219s] Level 1:colcon.colcon_core.shell:create_environment_hook('px4_msgs', 'ld_library_path_lib')
[397.219s] INFO:colcon.colcon_core.shell:Creating environment hook '/home/taton/ROS2/ros2_drone/install/px4_msgs/share/px4_msgs/hook/ld_library_path_lib.ps1'
[397.219s] INFO:colcon.colcon_core.shell:Creating environment descriptor '/home/taton/ROS2/ros2_drone/install/px4_msgs/share/px4_msgs/hook/ld_library_path_lib.dsv'
[397.220s] INFO:colcon.colcon_core.shell:Creating environment hook '/home/taton/ROS2/ros2_drone/install/px4_msgs/share/px4_msgs/hook/ld_library_path_lib.sh'
[397.220s] Level 1:colcon.colcon_core.environment:checking '/home/taton/ROS2/ros2_drone/install/px4_msgs/bin'
[397.220s] Level 1:colcon.colcon_core.environment:checking '/home/taton/ROS2/ros2_drone/install/px4_msgs/lib/pkgconfig/px4_msgs.pc'
[397.221s] Level 1:colcon.colcon_core.environment:checking '/home/taton/ROS2/ros2_drone/install/px4_msgs/lib/python3.12/site-packages'
[397.221s] Level 1:colcon.colcon_core.shell:create_environment_hook('px4_msgs', 'pythonpath')
[397.221s] INFO:colcon.colcon_core.shell:Creating environment hook '/home/taton/ROS2/ros2_drone/install/px4_msgs/share/px4_msgs/hook/pythonpath.ps1'
[397.221s] INFO:colcon.colcon_core.shell:Creating environment descriptor '/home/taton/ROS2/ros2_drone/install/px4_msgs/share/px4_msgs/hook/pythonpath.dsv'
[397.222s] INFO:colcon.colcon_core.shell:Creating environment hook '/home/taton/ROS2/ros2_drone/install/px4_msgs/share/px4_msgs/hook/pythonpath.sh'
[397.223s] Level 1:colcon.colcon_core.environment:checking '/home/taton/ROS2/ros2_drone/install/px4_msgs/bin'
[397.223s] INFO:colcon.colcon_core.shell:Creating package script '/home/taton/ROS2/ros2_drone/install/px4_msgs/share/px4_msgs/package.ps1'
[397.224s] INFO:colcon.colcon_core.shell:Creating package descriptor '/home/taton/ROS2/ros2_drone/install/px4_msgs/share/px4_msgs/package.dsv'
[397.225s] INFO:colcon.colcon_core.shell:Creating package script '/home/taton/ROS2/ros2_drone/install/px4_msgs/share/px4_msgs/package.sh'
[397.225s] INFO:colcon.colcon_core.shell:Creating package script '/home/taton/ROS2/ros2_drone/install/px4_msgs/share/px4_msgs/package.bash'
[397.226s] INFO:colcon.colcon_core.shell:Creating package script '/home/taton/ROS2/ros2_drone/install/px4_msgs/share/px4_msgs/package.zsh'
[397.227s] Level 1:colcon.colcon_core.environment:create_file_with_runtime_dependencies(/home/taton/ROS2/ros2_drone/install/px4_msgs/share/colcon-core/packages/px4_msgs)
[397.228s] Level 1:colcon.colcon_core.environment:create_environment_scripts_only(px4_msgs)
[397.228s] Level 1:colcon.colcon_core.environment:checking '/home/taton/ROS2/ros2_drone/install/px4_msgs' for CMake module files
[397.228s] Level 1:colcon.colcon_core.environment:checking '/home/taton/ROS2/ros2_drone/install/px4_msgs' for CMake config files
[397.229s] Level 1:colcon.colcon_core.shell:create_environment_hook('px4_msgs', 'cmake_prefix_path')
[397.230s] INFO:colcon.colcon_core.shell:Creating environment hook '/home/taton/ROS2/ros2_drone/install/px4_msgs/share/px4_msgs/hook/cmake_prefix_path.ps1'
[397.230s] INFO:colcon.colcon_core.shell:Creating environment descriptor '/home/taton/ROS2/ros2_drone/install/px4_msgs/share/px4_msgs/hook/cmake_prefix_path.dsv'
[397.230s] INFO:colcon.colcon_core.shell:Creating environment hook '/home/taton/ROS2/ros2_drone/install/px4_msgs/share/px4_msgs/hook/cmake_prefix_path.sh'
[397.231s] Level 1:colcon.colcon_core.environment:checking '/home/taton/ROS2/ros2_drone/install/px4_msgs/lib'
[397.231s] Level 1:colcon.colcon_core.shell:create_environment_hook('px4_msgs', 'ld_library_path_lib')
[397.231s] INFO:colcon.colcon_core.shell:Creating environment hook '/home/taton/ROS2/ros2_drone/install/px4_msgs/share/px4_msgs/hook/ld_library_path_lib.ps1'
[397.232s] INFO:colcon.colcon_core.shell:Creating environment descriptor '/home/taton/ROS2/ros2_drone/install/px4_msgs/share/px4_msgs/hook/ld_library_path_lib.dsv'
[397.232s] INFO:colcon.colcon_core.shell:Creating environment hook '/home/taton/ROS2/ros2_drone/install/px4_msgs/share/px4_msgs/hook/ld_library_path_lib.sh'
[397.233s] Level 1:colcon.colcon_core.environment:checking '/home/taton/ROS2/ros2_drone/install/px4_msgs/bin'
[397.233s] Level 1:colcon.colcon_core.environment:checking '/home/taton/ROS2/ros2_drone/install/px4_msgs/lib/pkgconfig/px4_msgs.pc'
[397.233s] Level 1:colcon.colcon_core.environment:checking '/home/taton/ROS2/ros2_drone/install/px4_msgs/lib/python3.12/site-packages'
[397.233s] Level 1:colcon.colcon_core.shell:create_environment_hook('px4_msgs', 'pythonpath')
[397.234s] INFO:colcon.colcon_core.shell:Creating environment hook '/home/taton/ROS2/ros2_drone/install/px4_msgs/share/px4_msgs/hook/pythonpath.ps1'
[397.234s] INFO:colcon.colcon_core.shell:Creating environment descriptor '/home/taton/ROS2/ros2_drone/install/px4_msgs/share/px4_msgs/hook/pythonpath.dsv'
[397.234s] INFO:colcon.colcon_core.shell:Creating environment hook '/home/taton/ROS2/ros2_drone/install/px4_msgs/share/px4_msgs/hook/pythonpath.sh'
[397.235s] Level 1:colcon.colcon_core.environment:checking '/home/taton/ROS2/ros2_drone/install/px4_msgs/bin'
[397.236s] INFO:colcon.colcon_core.shell:Creating package script '/home/taton/ROS2/ros2_drone/install/px4_msgs/share/px4_msgs/package.ps1'
[397.236s] INFO:colcon.colcon_core.shell:Creating package descriptor '/home/taton/ROS2/ros2_drone/install/px4_msgs/share/px4_msgs/package.dsv'
[397.237s] INFO:colcon.colcon_core.shell:Creating package script '/home/taton/ROS2/ros2_drone/install/px4_msgs/share/px4_msgs/package.sh'
[397.237s] INFO:colcon.colcon_core.shell:Creating package script '/home/taton/ROS2/ros2_drone/install/px4_msgs/share/px4_msgs/package.bash'
[397.238s] INFO:colcon.colcon_core.shell:Creating package script '/home/taton/ROS2/ros2_drone/install/px4_msgs/share/px4_msgs/package.zsh'
[397.238s] Level 1:colcon.colcon_core.environment:create_file_with_runtime_dependencies(/home/taton/ROS2/ros2_drone/install/px4_msgs/share/colcon-core/packages/px4_msgs)
[397.239s] INFO:colcon.colcon_ros.task.ament_python.build:Building ROS package in '/home/taton/ROS2/ros2_drone/src/drone_controller' with build type 'ament_python'
[397.239s] Level 1:colcon.colcon_core.shell:create_environment_hook('drone_controller', 'ament_prefix_path')
[397.239s] INFO:colcon.colcon_core.shell:Creating environment hook '/home/taton/ROS2/ros2_drone/install/drone_controller/share/drone_controller/hook/ament_prefix_path.ps1'
[397.240s] INFO:colcon.colcon_core.shell:Creating environment descriptor '/home/taton/ROS2/ros2_drone/install/drone_controller/share/drone_controller/hook/ament_prefix_path.dsv'
[397.240s] INFO:colcon.colcon_core.shell:Creating environment hook '/home/taton/ROS2/ros2_drone/install/drone_controller/share/drone_controller/hook/ament_prefix_path.sh'
[397.241s] INFO:colcon.colcon_core.shell:Skip shell extension 'powershell' for command environment: Not usable outside of PowerShell
[397.241s] DEBUG:colcon.colcon_core.shell:Skip shell extension 'dsv' for command environment
[397.507s] INFO:colcon.colcon_core.task.python.build:Building Python package in '/home/taton/ROS2/ros2_drone/src/drone_controller'
[397.507s] INFO:colcon.colcon_core.shell:Skip shell extension 'powershell' for command environment: Not usable outside of PowerShell
[397.507s] DEBUG:colcon.colcon_core.shell:Skip shell extension 'dsv' for command environment
[398.243s] DEBUG:colcon.colcon_core.event_handler.log_command:Invoking command in '/home/taton/ROS2/ros2_drone/src/drone_controller': AMENT_PREFIX_PATH=/home/taton/ROS2/ros2_drone/install/px4_msgs:${AMENT_PREFIX_PATH} CMAKE_PREFIX_PATH=/home/taton/ROS2/ros2_drone/install/px4_msgs:${CMAKE_PREFIX_PATH} DEBUGINFOD_URLS=https://debuginfod.ubuntu.com LD_LIBRARY_PATH=/home/taton/ROS2/ros2_drone/install/px4_msgs/lib:${LD_LIBRARY_PATH} PYTHONPATH=/home/taton/ROS2/ros2_drone/build/drone_controller/prefix_override:/usr/lib/python3/dist-packages/colcon_core/task/python/colcon_distutils_commands:/home/taton/ROS2/ros2_drone/install/drone_controller/lib/python3.12/site-packages:/home/taton/ROS2/ros2_drone/install/px4_msgs/lib/python3.12/site-packages:${PYTHONPATH} /usr/bin/python3 -W ignore:setup.py install is deprecated -W ignore:easy_install command is deprecated setup.py egg_info --egg-base ../../build/drone_controller build --build-base /home/taton/ROS2/ros2_drone/build/drone_controller/build install --record /home/taton/ROS2/ros2_drone/build/drone_controller/install.log --single-version-externally-managed install_data
[398.926s] Level 1:colcon.colcon_core.environment:checking '/home/taton/ROS2/ros2_drone/install/drone_controller' for CMake module files
[398.927s] DEBUG:colcon.colcon_core.event_handler.log_command:Invoked command in '/home/taton/ROS2/ros2_drone/src/drone_controller' returned '0': AMENT_PREFIX_PATH=/home/taton/ROS2/ros2_drone/install/px4_msgs:${AMENT_PREFIX_PATH} CMAKE_PREFIX_PATH=/home/taton/ROS2/ros2_drone/install/px4_msgs:${CMAKE_PREFIX_PATH} DEBUGINFOD_URLS=https://debuginfod.ubuntu.com LD_LIBRARY_PATH=/home/taton/ROS2/ros2_drone/install/px4_msgs/lib:${LD_LIBRARY_PATH} PYTHONPATH=/home/taton/ROS2/ros2_drone/build/drone_controller/prefix_override:/usr/lib/python3/dist-packages/colcon_core/task/python/colcon_distutils_commands:/home/taton/ROS2/ros2_drone/install/drone_controller/lib/python3.12/site-packages:/home/taton/ROS2/ros2_drone/install/px4_msgs/lib/python3.12/site-packages:${PYTHONPATH} /usr/bin/python3 -W ignore:setup.py install is deprecated -W ignore:easy_install command is deprecated setup.py egg_info --egg-base ../../build/drone_controller build --build-base /home/taton/ROS2/ros2_drone/build/drone_controller/build install --record /home/taton/ROS2/ros2_drone/build/drone_controller/install.log --single-version-externally-managed install_data
[398.927s] Level 1:colcon.colcon_core.environment:checking '/home/taton/ROS2/ros2_drone/install/drone_controller' for CMake config files
[398.928s] Level 1:colcon.colcon_core.environment:checking '/home/taton/ROS2/ros2_drone/install/drone_controller/lib'
[398.928s] Level 1:colcon.colcon_core.environment:checking '/home/taton/ROS2/ros2_drone/install/drone_controller/bin'
[398.929s] Level 1:colcon.colcon_core.environment:checking '/home/taton/ROS2/ros2_drone/install/drone_controller/lib/pkgconfig/drone_controller.pc'
[398.929s] Level 1:colcon.colcon_core.environment:checking '/home/taton/ROS2/ros2_drone/install/drone_controller/lib/python3.12/site-packages'
[398.929s] Level 1:colcon.colcon_core.shell:create_environment_hook('drone_controller', 'pythonpath')
[398.930s] INFO:colcon.colcon_core.shell:Creating environment hook '/home/taton/ROS2/ros2_drone/install/drone_controller/share/drone_controller/hook/pythonpath.ps1'
[398.930s] INFO:colcon.colcon_core.shell:Creating environment descriptor '/home/taton/ROS2/ros2_drone/install/drone_controller/share/drone_controller/hook/pythonpath.dsv'
[398.931s] INFO:colcon.colcon_core.shell:Creating environment hook '/home/taton/ROS2/ros2_drone/install/drone_controller/share/drone_controller/hook/pythonpath.sh'
[398.932s] Level 1:colcon.colcon_core.environment:checking '/home/taton/ROS2/ros2_drone/install/drone_controller/bin'
[398.932s] Level 1:colcon.colcon_core.environment:create_environment_scripts_only(drone_controller)
[398.932s] INFO:colcon.colcon_core.shell:Creating package script '/home/taton/ROS2/ros2_drone/install/drone_controller/share/drone_controller/package.ps1'
[398.933s] INFO:colcon.colcon_core.shell:Creating package descriptor '/home/taton/ROS2/ros2_drone/install/drone_controller/share/drone_controller/package.dsv'
[398.933s] INFO:colcon.colcon_core.shell:Creating package script '/home/taton/ROS2/ros2_drone/install/drone_controller/share/drone_controller/package.sh'
[398.934s] INFO:colcon.colcon_core.shell:Creating package script '/home/taton/ROS2/ros2_drone/install/drone_controller/share/drone_controller/package.bash'
[398.935s] INFO:colcon.colcon_core.shell:Creating package script '/home/taton/ROS2/ros2_drone/install/drone_controller/share/drone_controller/package.zsh'
[398.935s] Level 1:colcon.colcon_core.environment:create_file_with_runtime_dependencies(/home/taton/ROS2/ros2_drone/install/drone_controller/share/colcon-core/packages/drone_controller)
[398.935s] DEBUG:colcon.colcon_parallel_executor.executor.parallel:closing loop
[398.936s] DEBUG:colcon.colcon_parallel_executor.executor.parallel:loop closed
[398.936s] DEBUG:colcon.colcon_parallel_executor.executor.parallel:run_until_complete finished with '0'
[398.936s] DEBUG:colcon.colcon_core.event_reactor:joining thread
[398.944s] INFO:colcon.colcon_core.plugin_system:Skipping extension 'colcon_notification.desktop_notification.terminal_notifier': Not used on non-Darwin systems
[398.944s] INFO:colcon.colcon_core.plugin_system:Skipping extension 'colcon_notification.desktop_notification.win32': Not used on non-Windows systems
[398.944s] INFO:colcon.colcon_notification.desktop_notification:Sending desktop notification using 'notify2'
[398.973s] DEBUG:colcon.colcon_core.event_reactor:joined thread
[398.974s] INFO:colcon.colcon_core.shell:Creating prefix script '/home/taton/ROS2/ros2_drone/install/local_setup.ps1'
[398.978s] INFO:colcon.colcon_core.shell:Creating prefix util module '/home/taton/ROS2/ros2_drone/install/_local_setup_util_ps1.py'
[398.984s] INFO:colcon.colcon_core.shell:Creating prefix chain script '/home/taton/ROS2/ros2_drone/install/setup.ps1'
[398.996s] INFO:colcon.colcon_core.shell:Creating prefix script '/home/taton/ROS2/ros2_drone/install/local_setup.sh'
[398.998s] INFO:colcon.colcon_core.shell:Creating prefix util module '/home/taton/ROS2/ros2_drone/install/_local_setup_util_sh.py'
[398.999s] INFO:colcon.colcon_core.shell:Creating prefix chain script '/home/taton/ROS2/ros2_drone/install/setup.sh'
[399.002s] INFO:colcon.colcon_core.shell:Creating prefix script '/home/taton/ROS2/ros2_drone/install/local_setup.bash'
[399.003s] INFO:colcon.colcon_core.shell:Creating prefix chain script '/home/taton/ROS2/ros2_drone/install/setup.bash'
[399.006s] INFO:colcon.colcon_core.shell:Creating prefix script '/home/taton/ROS2/ros2_drone/install/local_setup.zsh'
[399.007s] INFO:colcon.colcon_core.shell:Creating prefix chain script '/home/taton/ROS2/ros2_drone/install/setup.zsh'
