[1.258s] Invoking command in '/home/taton/ROS2/ros2_drone/src/drone_controller': DEBUGINFOD_URLS=https://debuginfod.ubuntu.com PYTHONPATH=/home/taton/ROS2/ros2_drone/src/build/drone_controller/prefix_override:/usr/lib/python3/dist-packages/colcon_core/task/python/colcon_distutils_commands:/home/taton/ROS2/ros2_drone/src/install/drone_controller/lib/python3.12/site-packages:/home/taton/ROS2/ros2_drone/src/install/px4_msgs/lib/python3.12/site-packages:/home/taton/ROS2/ros2_drone/src/install/drone_controller/lib/python3.12/site-packages:/home/taton/ROS2/ros2_drone/install/px4_msgs/lib/python3.12/site-packages:/home/taton/ROS2/ros2_drone/install/drone_controller/lib/python3.12/site-packages:/opt/ros/jazzy/lib/python3.12/site-packages /usr/bin/python3 -W ignore:setup.py install is deprecated -W ignore:easy_install command is deprecated setup.py egg_info --egg-base ../build/drone_controller build --build-base /home/taton/ROS2/ros2_drone/src/build/drone_controller/build install --record /home/taton/ROS2/ros2_drone/src/build/drone_controller/install.log --single-version-externally-managed install_data
[1.664s] running egg_info
[1.692s] writing ../build/drone_controller/drone_controller.egg-info/PKG-INFO
[1.692s] writing dependency_links to ../build/drone_controller/drone_controller.egg-info/dependency_links.txt
[1.692s] writing entry points to ../build/drone_controller/drone_controller.egg-info/entry_points.txt
[1.692s] writing requirements to ../build/drone_controller/drone_controller.egg-info/requires.txt
[1.693s] writing top-level names to ../build/drone_controller/drone_controller.egg-info/top_level.txt
[1.754s] reading manifest file '../build/drone_controller/drone_controller.egg-info/SOURCES.txt'
[1.755s] writing manifest file '../build/drone_controller/drone_controller.egg-info/SOURCES.txt'
[1.755s] running build
[1.755s] running build_py
[1.756s] copying drone_controller/offboard_control.py -> /home/taton/ROS2/ros2_drone/src/build/drone_controller/build/lib/drone_controller
[1.756s] running install
[1.764s] running install_lib
[1.796s] copying /home/taton/ROS2/ros2_drone/src/build/drone_controller/build/lib/drone_controller/offboard_control.py -> /home/taton/ROS2/ros2_drone/src/install/drone_controller/lib/python3.12/site-packages/drone_controller
[1.797s] byte-compiling /home/taton/ROS2/ros2_drone/src/install/drone_controller/lib/python3.12/site-packages/drone_controller/offboard_control.py to offboard_control.cpython-312.pyc
[1.799s] running install_data
[1.799s] running install_egg_info
[1.834s] removing '/home/taton/ROS2/ros2_drone/src/install/drone_controller/lib/python3.12/site-packages/drone_controller-0.0.0-py3.12.egg-info' (and everything under it)
[1.834s] Copying ../build/drone_controller/drone_controller.egg-info to /home/taton/ROS2/ros2_drone/src/install/drone_controller/lib/python3.12/site-packages/drone_controller-0.0.0-py3.12.egg-info
[1.835s] running install_scripts
[2.042s] Installing offboard_control script to /home/taton/ROS2/ros2_drone/src/install/drone_controller/lib/drone_controller
[2.042s] writing list of installed files to '/home/taton/ROS2/ros2_drone/src/build/drone_controller/install.log'
[2.077s] Invoked command in '/home/taton/ROS2/ros2_drone/src/drone_controller' returned '0': DEBUGINFOD_URLS=https://debuginfod.ubuntu.com PYTHONPATH=/home/taton/ROS2/ros2_drone/src/build/drone_controller/prefix_override:/usr/lib/python3/dist-packages/colcon_core/task/python/colcon_distutils_commands:/home/taton/ROS2/ros2_drone/src/install/drone_controller/lib/python3.12/site-packages:/home/taton/ROS2/ros2_drone/src/install/px4_msgs/lib/python3.12/site-packages:/home/taton/ROS2/ros2_drone/src/install/drone_controller/lib/python3.12/site-packages:/home/taton/ROS2/ros2_drone/install/px4_msgs/lib/python3.12/site-packages:/home/taton/ROS2/ros2_drone/install/drone_controller/lib/python3.12/site-packages:/opt/ros/jazzy/lib/python3.12/site-packages /usr/bin/python3 -W ignore:setup.py install is deprecated -W ignore:easy_install command is deprecated setup.py egg_info --egg-base ../build/drone_controller build --build-base /home/taton/ROS2/ros2_drone/src/build/drone_controller/build install --record /home/taton/ROS2/ros2_drone/src/build/drone_controller/install.log --single-version-externally-managed install_data
