running egg_info
creating ../../build/drone_controller/drone_controller.egg-info
writing ../../build/drone_controller/drone_controller.egg-info/PKG-INFO
writing dependency_links to ../../build/drone_controller/drone_controller.egg-info/dependency_links.txt
writing requirements to ../../build/drone_controller/drone_controller.egg-info/requires.txt
writing top-level names to ../../build/drone_controller/drone_controller.egg-info/top_level.txt
writing manifest file '../../build/drone_controller/drone_controller.egg-info/SOURCES.txt'
reading manifest file '../../build/drone_controller/drone_controller.egg-info/SOURCES.txt'
writing manifest file '../../build/drone_controller/drone_controller.egg-info/SOURCES.txt'
running build
running build_py
creating /home/taton/ROS2/ros2_drone/build/drone_controller/build
creating /home/taton/ROS2/ros2_drone/build/drone_controller/build/lib
creating /home/taton/ROS2/ros2_drone/build/drone_controller/build/lib/drone_controller
copying drone_controller/__init__.py -> /home/taton/ROS2/ros2_drone/build/drone_controller/build/lib/drone_controller
copying drone_controller/offboard_control.py -> /home/taton/ROS2/ros2_drone/build/drone_controller/build/lib/drone_controller
running install
running install_lib
creating /home/taton/ROS2/ros2_drone/install/drone_controller/lib/python3.12/site-packages/drone_controller
copying /home/taton/ROS2/ros2_drone/build/drone_controller/build/lib/drone_controller/__init__.py -> /home/taton/ROS2/ros2_drone/install/drone_controller/lib/python3.12/site-packages/drone_controller
copying /home/taton/ROS2/ros2_drone/build/drone_controller/build/lib/drone_controller/offboard_control.py -> /home/taton/ROS2/ros2_drone/install/drone_controller/lib/python3.12/site-packages/drone_controller
byte-compiling /home/taton/ROS2/ros2_drone/install/drone_controller/lib/python3.12/site-packages/drone_controller/__init__.py to __init__.cpython-312.pyc
byte-compiling /home/taton/ROS2/ros2_drone/install/drone_controller/lib/python3.12/site-packages/drone_controller/offboard_control.py to offboard_control.cpython-312.pyc
running install_data
creating /home/taton/ROS2/ros2_drone/install/drone_controller/share/ament_index
creating /home/taton/ROS2/ros2_drone/install/drone_controller/share/ament_index/resource_index
creating /home/taton/ROS2/ros2_drone/install/drone_controller/share/ament_index/resource_index/packages
copying resource/drone_controller -> /home/taton/ROS2/ros2_drone/install/drone_controller/share/ament_index/resource_index/packages
copying package.xml -> /home/taton/ROS2/ros2_drone/install/drone_controller/share/drone_controller
running install_egg_info
Copying ../../build/drone_controller/drone_controller.egg-info to /home/taton/ROS2/ros2_drone/install/drone_controller/lib/python3.12/site-packages/drone_controller-0.0.0-py3.12.egg-info
running install_scripts
writing list of installed files to '/home/taton/ROS2/ros2_drone/build/drone_controller/install.log'
